<?xml version="1.0" encoding="UTF-8"?>
<robot generator="Robot 3.2.2 (Python 3.9.0 on win32)" generated="20210131 12:47:10.184" rpa="false">
<suite id="s1" name="Tests" source="C:\robot-scripts\multi_app_scenario\tests">
<suite id="s1-s1" name="BackOffice" source="C:\robot-scripts\multi_app_scenario\tests\BackOffice">
<suite id="s1-s1-s1" name="Back Office" source="C:\robot-scripts\multi_app_scenario\tests\BackOffice\Back_Office.robot">
<test id="s1-s1-s1-t1" name="Should be able to access Landing page">
<kw name="Begin Web Test" library="CommonWeb" type="setup">
<kw name="Open Browser" library="SeleniumLibrary">
<doc>Opens a new browser instance to the optional ``url``.</doc>
<arguments>
<arg>about:blank</arg>
<arg>${BROWSER}</arg>
</arguments>
<msg timestamp="20210131 12:47:10.505" level="INFO">Opening browser 'firefox' to base url 'about:blank'.</msg>
<msg timestamp="20210131 12:47:10.508" level="INFO">Firefox driver log is always forced to to: C:\robot-scripts\multi_app_scenario\results\geckodriver-11.log</msg>
<status status="PASS" starttime="20210131 12:47:10.505" endtime="20210131 12:47:16.817"></status>
</kw>
<status status="PASS" starttime="20210131 12:47:10.505" endtime="20210131 12:47:16.817"></status>
</kw>
<kw name="Go to Landing Page" library="BackOfficeApp">
<kw name="Navigate To" library="BackOffice.Landing">
<kw name="Go To" library="SeleniumLibrary">
<doc>Navigates the current browser window to the provided ``url``.</doc>
<arguments>
<arg>${BACK_OFFICE_URL}</arg>
</arguments>
<msg timestamp="20210131 12:47:16.830" level="INFO">Opening url 'http://www.robotframeworktutorial.com/back-office'</msg>
<status status="PASS" starttime="20210131 12:47:16.830" endtime="20210131 12:47:18.342"></status>
</kw>
<status status="PASS" starttime="20210131 12:47:16.830" endtime="20210131 12:47:18.342"></status>
</kw>
<status status="PASS" starttime="20210131 12:47:16.829" endtime="20210131 12:47:18.342"></status>
</kw>
<kw name="End Web Test" library="CommonWeb" type="teardown">
<kw name="Close All Browsers" library="SeleniumLibrary">
<doc>Closes all open browsers and resets the browser cache.</doc>
<status status="PASS" starttime="20210131 12:47:18.344" endtime="20210131 12:47:19.087"></status>
</kw>
<status status="PASS" starttime="20210131 12:47:18.343" endtime="20210131 12:47:19.087"></status>
</kw>
<doc>This is test 1</doc>
<tags>
<tag>test1</tag>
</tags>
<status status="PASS" starttime="20210131 12:47:10.503" endtime="20210131 12:47:19.087" critical="yes"></status>
</test>
<doc>Talk about what this suite of tests does</doc>
<status status="PASS" starttime="20210131 12:47:10.238" endtime="20210131 12:47:19.094"></status>
</suite>
<status status="PASS" starttime="20210131 12:47:10.233" endtime="20210131 12:47:19.103"></status>
</suite>
<suite id="s1-s2" name="EndToEnd" source="C:\robot-scripts\multi_app_scenario\tests\EndToEnd">
<suite id="s1-s2-s1" name="EndtoEnd" source="C:\robot-scripts\multi_app_scenario\tests\EndToEnd\EndtoEnd.robot">
<test id="s1-s2-s1-t1" name="Should be able to access both sites">
<kw name="Begin Web Test" library="CommonWeb" type="setup">
<kw name="Open Browser" library="SeleniumLibrary">
<doc>Opens a new browser instance to the optional ``url``.</doc>
<arguments>
<arg>about:blank</arg>
<arg>${BROWSER}</arg>
</arguments>
<msg timestamp="20210131 12:47:19.147" level="INFO">Opening browser 'firefox' to base url 'about:blank'.</msg>
<msg timestamp="20210131 12:47:19.149" level="INFO">Firefox driver log is always forced to to: C:\robot-scripts\multi_app_scenario\results\geckodriver-12.log</msg>
<status status="PASS" starttime="20210131 12:47:19.146" endtime="20210131 12:47:25.480"></status>
</kw>
<status status="PASS" starttime="20210131 12:47:19.145" endtime="20210131 12:47:25.480"></status>
</kw>
<kw name="Go to Landing Page" library="FrontOfficeApp">
<kw name="Navigate To" library="FrontOffice.Landing">
<kw name="Go To" library="SeleniumLibrary">
<doc>Navigates the current browser window to the provided ``url``.</doc>
<arguments>
<arg>${FRONT_OFFICE_URL}</arg>
</arguments>
<msg timestamp="20210131 12:47:25.497" level="INFO">Opening url 'http://www.robotframeworktutorial.com/front-office'</msg>
<status status="PASS" starttime="20210131 12:47:25.497" endtime="20210131 12:47:27.689"></status>
</kw>
<status status="PASS" starttime="20210131 12:47:25.497" endtime="20210131 12:47:27.689"></status>
</kw>
<kw name="Verify Page Loaded" library="FrontOffice.Landing">
<kw name="Wait Until Page Contains Element" library="SeleniumLibrary">
<doc>Waits until the element ``locator`` appears on the current page.</doc>
<arguments>
<arg>${LANDING_NAVIGATION_ELEMENT}</arg>
</arguments>
<status status="PASS" starttime="20210131 12:47:27.689" endtime="20210131 12:47:27.699"></status>
</kw>
<status status="PASS" starttime="20210131 12:47:27.689" endtime="20210131 12:47:27.699"></status>
</kw>
<status status="PASS" starttime="20210131 12:47:25.497" endtime="20210131 12:47:27.699"></status>
</kw>
<kw name="Go to Landing Page" library="BackOfficeApp">
<kw name="Navigate To" library="BackOffice.Landing">
<kw name="Go To" library="SeleniumLibrary">
<doc>Navigates the current browser window to the provided ``url``.</doc>
<arguments>
<arg>${BACK_OFFICE_URL}</arg>
</arguments>
<msg timestamp="20210131 12:47:27.702" level="INFO">Opening url 'http://www.robotframeworktutorial.com/back-office'</msg>
<status status="PASS" starttime="20210131 12:47:27.701" endtime="20210131 12:47:28.611"></status>
</kw>
<status status="PASS" starttime="20210131 12:47:27.701" endtime="20210131 12:47:28.612"></status>
</kw>
<status status="PASS" starttime="20210131 12:47:27.701" endtime="20210131 12:47:28.612"></status>
</kw>
<kw name="End Web Test" library="CommonWeb" type="teardown">
<kw name="Close All Browsers" library="SeleniumLibrary">
<doc>Closes all open browsers and resets the browser cache.</doc>
<status status="PASS" starttime="20210131 12:47:28.613" endtime="20210131 12:47:29.440"></status>
</kw>
<status status="PASS" starttime="20210131 12:47:28.613" endtime="20210131 12:47:29.440"></status>
</kw>
<doc>This is test 1</doc>
<tags>
<tag>test1</tag>
</tags>
<status status="PASS" starttime="20210131 12:47:19.144" endtime="20210131 12:47:29.440" critical="yes"></status>
</test>
<doc>This is my end to end suite</doc>
<status status="PASS" starttime="20210131 12:47:19.113" endtime="20210131 12:47:29.453"></status>
</suite>
<status status="PASS" starttime="20210131 12:47:19.108" endtime="20210131 12:47:29.472"></status>
</suite>
<suite id="s1-s3" name="FrontOffice" source="C:\robot-scripts\multi_app_scenario\tests\FrontOffice">
<suite id="s1-s3-s1" name="Front Office" source="C:\robot-scripts\multi_app_scenario\tests\FrontOffice\Front_Office.robot">
<test id="s1-s3-s1-t1" name="Should be able to access &quot;Team&quot; page">
<kw name="Begin Web Test" library="CommonWeb" type="setup">
<kw name="Open Browser" library="SeleniumLibrary">
<doc>Opens a new browser instance to the optional ``url``.</doc>
<arguments>
<arg>about:blank</arg>
<arg>${BROWSER}</arg>
</arguments>
<msg timestamp="20210131 12:47:29.518" level="INFO">Opening browser 'firefox' to base url 'about:blank'.</msg>
<msg timestamp="20210131 12:47:29.520" level="INFO">Firefox driver log is always forced to to: C:\robot-scripts\multi_app_scenario\results\geckodriver-13.log</msg>
<status status="PASS" starttime="20210131 12:47:29.518" endtime="20210131 12:47:35.382"></status>
</kw>
<status status="PASS" starttime="20210131 12:47:29.517" endtime="20210131 12:47:35.382"></status>
</kw>
<kw name="Go to Landing Page" library="FrontOfficeApp">
<kw name="Navigate To" library="FrontOffice.Landing">
<kw name="Go To" library="SeleniumLibrary">
<doc>Navigates the current browser window to the provided ``url``.</doc>
<arguments>
<arg>${FRONT_OFFICE_URL}</arg>
</arguments>
<msg timestamp="20210131 12:47:35.387" level="INFO">Opening url 'http://www.robotframeworktutorial.com/front-office'</msg>
<status status="PASS" starttime="20210131 12:47:35.387" endtime="20210131 12:47:37.576"></status>
</kw>
<status status="PASS" starttime="20210131 12:47:35.386" endtime="20210131 12:47:37.576"></status>
</kw>
<kw name="Verify Page Loaded" library="FrontOffice.Landing">
<kw name="Wait Until Page Contains Element" library="SeleniumLibrary">
<doc>Waits until the element ``locator`` appears on the current page.</doc>
<arguments>
<arg>${LANDING_NAVIGATION_ELEMENT}</arg>
</arguments>
<status status="PASS" starttime="20210131 12:47:37.577" endtime="20210131 12:47:37.588"></status>
</kw>
<status status="PASS" starttime="20210131 12:47:37.576" endtime="20210131 12:47:37.588"></status>
</kw>
<status status="PASS" starttime="20210131 12:47:35.386" endtime="20210131 12:47:37.588"></status>
</kw>
<kw name="Go to &quot;Team&quot; Page" library="FrontOfficeApp">
<kw name="Select &quot;Team&quot; Page" library="FrontOffice.TopNav">
<kw name="Click Element" library="SeleniumLibrary">
<doc>Click the element identified by ``locator``.</doc>
<arguments>
<arg>${TOP_NAV_TEAM_LINK}</arg>
</arguments>
<msg timestamp="20210131 12:47:37.590" level="INFO">Clicking element 'css=#bs-example-navbar-collapse-1 &gt; ul &gt; li:nth-child(5) &gt; a'.</msg>
<status status="PASS" starttime="20210131 12:47:37.590" endtime="20210131 12:47:37.824"></status>
</kw>
<kw name="Sleep" library="BuiltIn">
<doc>Pauses the test executed for the given time.</doc>
<arguments>
<arg>3s</arg>
</arguments>
<msg timestamp="20210131 12:47:40.827" level="INFO">Slept 3 seconds</msg>
<status status="PASS" starttime="20210131 12:47:37.824" endtime="20210131 12:47:40.827"></status>
</kw>
<status status="PASS" starttime="20210131 12:47:37.589" endtime="20210131 12:47:40.828"></status>
</kw>
<kw name="Verify Page Loaded" library="FrontOffice.Team">
<kw name="Wait Until Page Contains Element" library="SeleniumLibrary">
<doc>Waits until the element ``locator`` appears on the current page.</doc>
<arguments>
<arg>${TEAM_HEADER_LABEL}</arg>
</arguments>
<status status="PASS" starttime="20210131 12:47:40.828" endtime="20210131 12:47:40.834"></status>
</kw>
<status status="PASS" starttime="20210131 12:47:40.828" endtime="20210131 12:47:40.834"></status>
</kw>
<status status="PASS" starttime="20210131 12:47:37.589" endtime="20210131 12:47:40.834"></status>
</kw>
<kw name="End Web Test" library="CommonWeb" type="teardown">
<kw name="Close All Browsers" library="SeleniumLibrary">
<doc>Closes all open browsers and resets the browser cache.</doc>
<status status="PASS" starttime="20210131 12:47:40.836" endtime="20210131 12:47:41.729"></status>
</kw>
<status status="PASS" starttime="20210131 12:47:40.836" endtime="20210131 12:47:41.729"></status>
</kw>
<doc>This is test 1</doc>
<tags>
<tag>test1</tag>
</tags>
<status status="PASS" starttime="20210131 12:47:29.517" endtime="20210131 12:47:41.729" critical="yes"></status>
</test>
<test id="s1-s3-s1-t2" name="&quot;Team&quot; page should match requirements">
<kw name="Begin Web Test" library="CommonWeb" type="setup">
<kw name="Open Browser" library="SeleniumLibrary">
<doc>Opens a new browser instance to the optional ``url``.</doc>
<arguments>
<arg>about:blank</arg>
<arg>${BROWSER}</arg>
</arguments>
<msg timestamp="20210131 12:47:41.746" level="INFO">Opening browser 'firefox' to base url 'about:blank'.</msg>
<msg timestamp="20210131 12:47:41.747" level="INFO">Firefox driver log is always forced to to: C:\robot-scripts\multi_app_scenario\results\geckodriver-14.log</msg>
<status status="PASS" starttime="20210131 12:47:41.745" endtime="20210131 12:47:48.104"></status>
</kw>
<status status="PASS" starttime="20210131 12:47:41.744" endtime="20210131 12:47:48.104"></status>
</kw>
<kw name="Go to Landing Page" library="FrontOfficeApp">
<kw name="Navigate To" library="FrontOffice.Landing">
<kw name="Go To" library="SeleniumLibrary">
<doc>Navigates the current browser window to the provided ``url``.</doc>
<arguments>
<arg>${FRONT_OFFICE_URL}</arg>
</arguments>
<msg timestamp="20210131 12:47:48.114" level="INFO">Opening url 'http://www.robotframeworktutorial.com/front-office'</msg>
<status status="PASS" starttime="20210131 12:47:48.113" endtime="20210131 12:47:50.289"></status>
</kw>
<status status="PASS" starttime="20210131 12:47:48.113" endtime="20210131 12:47:50.289"></status>
</kw>
<kw name="Verify Page Loaded" library="FrontOffice.Landing">
<kw name="Wait Until Page Contains Element" library="SeleniumLibrary">
<doc>Waits until the element ``locator`` appears on the current page.</doc>
<arguments>
<arg>${LANDING_NAVIGATION_ELEMENT}</arg>
</arguments>
<status status="PASS" starttime="20210131 12:47:50.290" endtime="20210131 12:47:50.301"></status>
</kw>
<status status="PASS" starttime="20210131 12:47:50.289" endtime="20210131 12:47:50.301"></status>
</kw>
<status status="PASS" starttime="20210131 12:47:48.113" endtime="20210131 12:47:50.301"></status>
</kw>
<kw name="Go to &quot;Team&quot; Page" library="FrontOfficeApp">
<kw name="Select &quot;Team&quot; Page" library="FrontOffice.TopNav">
<kw name="Click Element" library="SeleniumLibrary">
<doc>Click the element identified by ``locator``.</doc>
<arguments>
<arg>${TOP_NAV_TEAM_LINK}</arg>
</arguments>
<msg timestamp="20210131 12:47:50.304" level="INFO">Clicking element 'css=#bs-example-navbar-collapse-1 &gt; ul &gt; li:nth-child(5) &gt; a'.</msg>
<status status="PASS" starttime="20210131 12:47:50.304" endtime="20210131 12:47:50.539"></status>
</kw>
<kw name="Sleep" library="BuiltIn">
<doc>Pauses the test executed for the given time.</doc>
<arguments>
<arg>3s</arg>
</arguments>
<msg timestamp="20210131 12:47:53.547" level="INFO">Slept 3 seconds</msg>
<status status="PASS" starttime="20210131 12:47:50.539" endtime="20210131 12:47:53.547"></status>
</kw>
<status status="PASS" starttime="20210131 12:47:50.304" endtime="20210131 12:47:53.547"></status>
</kw>
<kw name="Verify Page Loaded" library="FrontOffice.Team">
<kw name="Wait Until Page Contains Element" library="SeleniumLibrary">
<doc>Waits until the element ``locator`` appears on the current page.</doc>
<arguments>
<arg>${TEAM_HEADER_LABEL}</arg>
</arguments>
<status status="PASS" starttime="20210131 12:47:53.548" endtime="20210131 12:47:53.554"></status>
</kw>
<status status="PASS" starttime="20210131 12:47:53.548" endtime="20210131 12:47:53.554"></status>
</kw>
<status status="PASS" starttime="20210131 12:47:50.303" endtime="20210131 12:47:53.554"></status>
</kw>
<kw name="Validate &quot;Team&quot; Page" library="FrontOfficeApp">
<kw name="Validate Page Contents" library="FrontOffice.Team">
<kw name="Get Text" library="SeleniumLibrary">
<doc>Returns the text value of the element identified by ``locator``.</doc>
<arguments>
<arg>${TEAM_HEADER_LABEL}</arg>
</arguments>
<assign>
<var>${ElementText}</var>
</assign>
<msg timestamp="20210131 12:47:53.580" level="INFO">${ElementText} = OUR AMAZING TEAM</msg>
<status status="PASS" starttime="20210131 12:47:53.558" endtime="20210131 12:47:53.580"></status>
</kw>
<kw name="Should Be Equal As Strings" library="BuiltIn">
<doc>Fails if objects are unequal after converting them to strings.</doc>
<arguments>
<arg>${ElementText}</arg>
<arg>Our Amazing Team</arg>
<arg>ignore_case=true</arg>
</arguments>
<status status="PASS" starttime="20210131 12:47:53.581" endtime="20210131 12:47:53.581"></status>
</kw>
<status status="PASS" starttime="20210131 12:47:53.557" endtime="20210131 12:47:53.581"></status>
</kw>
<status status="PASS" starttime="20210131 12:47:53.557" endtime="20210131 12:47:53.581"></status>
</kw>
<kw name="End Web Test" library="CommonWeb" type="teardown">
<kw name="Close All Browsers" library="SeleniumLibrary">
<doc>Closes all open browsers and resets the browser cache.</doc>
<status status="PASS" starttime="20210131 12:47:53.582" endtime="20210131 12:47:54.398"></status>
</kw>
<status status="PASS" starttime="20210131 12:47:53.582" endtime="20210131 12:47:54.398"></status>
</kw>
<doc>This is test 2</doc>
<tags>
<tag>test2</tag>
</tags>
<status status="PASS" starttime="20210131 12:47:41.742" endtime="20210131 12:47:54.405" critical="yes"></status>
</test>
<doc>Talk about what this suite of tests does</doc>
<status status="PASS" starttime="20210131 12:47:29.501" endtime="20210131 12:47:54.413"></status>
</suite>
<status status="PASS" starttime="20210131 12:47:29.485" endtime="20210131 12:47:54.427"></status>
</suite>
<status status="PASS" starttime="20210131 12:47:10.184" endtime="20210131 12:47:54.448"></status>
</suite>
<statistics>
<total>
<stat pass="4" fail="0">Critical Tests</stat>
<stat pass="4" fail="0">All Tests</stat>
</total>
<tag>
<stat pass="3" fail="0">test1</stat>
<stat pass="1" fail="0">test2</stat>
</tag>
<suite>
<stat pass="4" fail="0" id="s1" name="Tests">Tests</stat>
<stat pass="1" fail="0" id="s1-s1" name="BackOffice">Tests.BackOffice</stat>
<stat pass="1" fail="0" id="s1-s1-s1" name="Back Office">Tests.BackOffice.Back Office</stat>
<stat pass="1" fail="0" id="s1-s2" name="EndToEnd">Tests.EndToEnd</stat>
<stat pass="1" fail="0" id="s1-s2-s1" name="EndtoEnd">Tests.EndToEnd.EndtoEnd</stat>
<stat pass="2" fail="0" id="s1-s3" name="FrontOffice">Tests.FrontOffice</stat>
<stat pass="2" fail="0" id="s1-s3-s1" name="Front Office">Tests.FrontOffice.Front Office</stat>
</suite>
</statistics>
<errors>
</errors>
</robot>
