<?xml version="1.0" encoding="UTF-8"?>
<robot generator="Robot 3.2.2 (Python 3.9.0 on win32)" generated="20210130 12:10:57.622" rpa="false">
<suite id="s1" name="Cars" source="C:\robot-scripts\data_driven_test\Tests\Cars.robot">
<test id="s1-t1" name="Unregistered user should see correct error message at login">
<kw name="Begin Web Test" library="Common" type="setup">
<kw name="Open Browser" library="SeleniumLibrary">
<doc>Opens a new browser instance to the optional ``url``.</doc>
<arguments>
<arg>about:blank</arg>
<arg>${BROWSER}</arg>
</arguments>
<msg timestamp="20210130 12:10:57.876" level="INFO">Opening browser 'chrome' to base url 'about:blank'.</msg>
<status status="PASS" starttime="20210130 12:10:57.876" endtime="20210130 12:11:01.131"></status>
</kw>
<status status="PASS" starttime="20210130 12:10:57.875" endtime="20210130 12:11:01.131"></status>
</kw>
<kw name="Navigate to Sign In Page" library="CarsApp">
<kw name="Navigate To" library="SignIn">
<kw name="Catenate" library="BuiltIn">
<doc>Catenates the given items together and returns the resulted string.</doc>
<arguments>
<arg>SEPARATOR=/</arg>
<arg>${BASE_URL.${ENVIRONMENT}}</arg>
<arg>${LOGIN_URL}</arg>
</arguments>
<assign>
<var>${SignInUrl}</var>
</assign>
<msg timestamp="20210130 12:11:01.134" level="INFO">${SignInUrl} = https://www.cars.com//profile/secure/login</msg>
<status status="PASS" starttime="20210130 12:11:01.133" endtime="20210130 12:11:01.134"></status>
</kw>
<kw name="Go To" library="SeleniumLibrary">
<doc>Navigates the current browser window to the provided ``url``.</doc>
<arguments>
<arg>${SignInUrl}</arg>
</arguments>
<msg timestamp="20210130 12:11:01.135" level="INFO">Opening url 'https://www.cars.com//profile/secure/login'</msg>
<status status="PASS" starttime="20210130 12:11:01.134" endtime="20210130 12:11:03.418"></status>
</kw>
<status status="PASS" starttime="20210130 12:11:01.133" endtime="20210130 12:11:03.418"></status>
</kw>
<status status="PASS" starttime="20210130 12:11:01.132" endtime="20210130 12:11:03.418"></status>
</kw>
<kw name="Attempt Login" library="CarsApp">
<arguments>
<arg>${UNREGISTERED_USER}</arg>
</arguments>
<kw name="Enter Credentials" library="SignIn">
<arguments>
<arg>${Credentials}</arg>
</arguments>
<kw name="Run Keyword Unless" library="BuiltIn">
<doc>Runs the given keyword with the given arguments if ``condition`` is false.</doc>
<arguments>
<arg>'${Credentials.Email}' == '#BLANK'</arg>
<arg>Input Text</arg>
<arg>${SIGN_IN_EMAIL}</arg>
<arg>${Credentials.Email}</arg>
</arguments>
<kw name="Input Text" library="SeleniumLibrary">
<doc>Types the given ``text`` into the text field identified by ``locator``.</doc>
<arguments>
<arg>${SIGN_IN_EMAIL}</arg>
<arg>${Credentials.Email}</arg>
</arguments>
<msg timestamp="20210130 12:11:03.422" level="INFO">Typing text 'nptverifiedemail@fake.com' into text field 'xpath=//input[@type="text"]'.</msg>
<status status="PASS" starttime="20210130 12:11:03.422" endtime="20210130 12:11:04.340"></status>
</kw>
<status status="PASS" starttime="20210130 12:11:03.421" endtime="20210130 12:11:04.340"></status>
</kw>
<kw name="Run Keyword Unless" library="BuiltIn">
<doc>Runs the given keyword with the given arguments if ``condition`` is false.</doc>
<arguments>
<arg>'${Credentials.Password}' == '#BLANK'</arg>
<arg>Input Text</arg>
<arg>${SIGN_IN_PASSWORD}</arg>
<arg>${Credentials.Password}</arg>
</arguments>
<kw name="Input Text" library="SeleniumLibrary">
<doc>Types the given ``text`` into the text field identified by ``locator``.</doc>
<arguments>
<arg>${SIGN_IN_PASSWORD}</arg>
<arg>${Credentials.Password}</arg>
</arguments>
<msg timestamp="20210130 12:11:04.342" level="INFO">Typing text 'TestPassword!' into text field 'xpath=//input[@type="password"]'.</msg>
<status status="PASS" starttime="20210130 12:11:04.341" endtime="20210130 12:11:04.529"></status>
</kw>
<status status="PASS" starttime="20210130 12:11:04.340" endtime="20210130 12:11:04.529"></status>
</kw>
<status status="PASS" starttime="20210130 12:11:03.420" endtime="20210130 12:11:04.529"></status>
</kw>
<kw name="Click Submit" library="SignIn">
<kw name="Click Button" library="SeleniumLibrary">
<doc>Clicks the button identified by ``locator``.</doc>
<arguments>
<arg>${LOGIN_SUBMIT_BUTTON}</arg>
</arguments>
<msg timestamp="20210130 12:11:04.531" level="INFO">Clicking button 'xpath=//button[@type="submit"]'.</msg>
<status status="PASS" starttime="20210130 12:11:04.530" endtime="20210130 12:11:04.693"></status>
</kw>
<status status="PASS" starttime="20210130 12:11:04.530" endtime="20210130 12:11:04.694"></status>
</kw>
<kw name="Sleep" library="BuiltIn">
<doc>Pauses the test executed for the given time.</doc>
<arguments>
<arg>5s</arg>
</arguments>
<msg timestamp="20210130 12:11:09.706" level="INFO">Slept 5 seconds</msg>
<status status="PASS" starttime="20210130 12:11:04.694" endtime="20210130 12:11:09.706"></status>
</kw>
<status status="PASS" starttime="20210130 12:11:03.419" endtime="20210130 12:11:09.707"></status>
</kw>
<kw name="Verify Login Page Error Message" library="CarsApp">
<arguments>
<arg>${UNREGISTERED_USER.ExpectedErrorMessage}</arg>
</arguments>
<kw name="Verify Error Message" library="SignIn">
<arguments>
<arg>${ExpectedErrorMessage}</arg>
</arguments>
<kw name="Page Should Contain" library="SeleniumLibrary">
<doc>Verifies that current page contains ``text``.</doc>
<arguments>
<arg>${ExpectedErrorMessage}</arg>
</arguments>
<msg timestamp="20210130 12:11:09.729" level="INFO">Current page contains text 'Sorry, we're having trouble logging you in right now. Please try again.'.</msg>
<status status="PASS" starttime="20210130 12:11:09.709" endtime="20210130 12:11:09.729"></status>
</kw>
<status status="PASS" starttime="20210130 12:11:09.708" endtime="20210130 12:11:09.730"></status>
</kw>
<status status="PASS" starttime="20210130 12:11:09.708" endtime="20210130 12:11:09.730"></status>
</kw>
<kw name="End Web Test" library="Common" type="teardown">
<kw name="Close All Browsers" library="SeleniumLibrary">
<doc>Closes all open browsers and resets the browser cache.</doc>
<status status="PASS" starttime="20210130 12:11:09.731" endtime="20210130 12:11:11.942"></status>
</kw>
<status status="PASS" starttime="20210130 12:11:09.731" endtime="20210130 12:11:11.942"></status>
</kw>
<status status="PASS" starttime="20210130 12:10:57.874" endtime="20210130 12:11:11.943" critical="yes"></status>
</test>
<test id="s1-t2" name="Login with invalid password should show correct error message">
<kw name="Begin Web Test" library="Common" type="setup">
<kw name="Open Browser" library="SeleniumLibrary">
<doc>Opens a new browser instance to the optional ``url``.</doc>
<arguments>
<arg>about:blank</arg>
<arg>${BROWSER}</arg>
</arguments>
<msg timestamp="20210130 12:11:11.945" level="INFO">Opening browser 'chrome' to base url 'about:blank'.</msg>
<status status="PASS" starttime="20210130 12:11:11.945" endtime="20210130 12:11:15.159"></status>
</kw>
<status status="PASS" starttime="20210130 12:11:11.944" endtime="20210130 12:11:15.159"></status>
</kw>
<kw name="Navigate to Sign In Page" library="CarsApp">
<kw name="Navigate To" library="SignIn">
<kw name="Catenate" library="BuiltIn">
<doc>Catenates the given items together and returns the resulted string.</doc>
<arguments>
<arg>SEPARATOR=/</arg>
<arg>${BASE_URL.${ENVIRONMENT}}</arg>
<arg>${LOGIN_URL}</arg>
</arguments>
<assign>
<var>${SignInUrl}</var>
</assign>
<msg timestamp="20210130 12:11:15.163" level="INFO">${SignInUrl} = https://www.cars.com//profile/secure/login</msg>
<status status="PASS" starttime="20210130 12:11:15.161" endtime="20210130 12:11:15.163"></status>
</kw>
<kw name="Go To" library="SeleniumLibrary">
<doc>Navigates the current browser window to the provided ``url``.</doc>
<arguments>
<arg>${SignInUrl}</arg>
</arguments>
<msg timestamp="20210130 12:11:15.163" level="INFO">Opening url 'https://www.cars.com//profile/secure/login'</msg>
<status status="PASS" starttime="20210130 12:11:15.163" endtime="20210130 12:11:17.342"></status>
</kw>
<status status="PASS" starttime="20210130 12:11:15.160" endtime="20210130 12:11:17.342"></status>
</kw>
<status status="PASS" starttime="20210130 12:11:15.160" endtime="20210130 12:11:17.343"></status>
</kw>
<kw name="Attempt Login" library="CarsApp">
<arguments>
<arg>${INVALID_PASSWORD_USER}</arg>
</arguments>
<kw name="Enter Credentials" library="SignIn">
<arguments>
<arg>${Credentials}</arg>
</arguments>
<kw name="Run Keyword Unless" library="BuiltIn">
<doc>Runs the given keyword with the given arguments if ``condition`` is false.</doc>
<arguments>
<arg>'${Credentials.Email}' == '#BLANK'</arg>
<arg>Input Text</arg>
<arg>${SIGN_IN_EMAIL}</arg>
<arg>${Credentials.Email}</arg>
</arguments>
<kw name="Input Text" library="SeleniumLibrary">
<doc>Types the given ``text`` into the text field identified by ``locator``.</doc>
<arguments>
<arg>${SIGN_IN_EMAIL}</arg>
<arg>${Credentials.Email}</arg>
</arguments>
<msg timestamp="20210130 12:11:17.347" level="INFO">Typing text 'fakeemail@fake.com' into text field 'xpath=//input[@type="text"]'.</msg>
<status status="PASS" starttime="20210130 12:11:17.346" endtime="20210130 12:11:18.354"></status>
</kw>
<status status="PASS" starttime="20210130 12:11:17.346" endtime="20210130 12:11:18.354"></status>
</kw>
<kw name="Run Keyword Unless" library="BuiltIn">
<doc>Runs the given keyword with the given arguments if ``condition`` is false.</doc>
<arguments>
<arg>'${Credentials.Password}' == '#BLANK'</arg>
<arg>Input Text</arg>
<arg>${SIGN_IN_PASSWORD}</arg>
<arg>${Credentials.Password}</arg>
</arguments>
<kw name="Input Text" library="SeleniumLibrary">
<doc>Types the given ``text`` into the text field identified by ``locator``.</doc>
<arguments>
<arg>${SIGN_IN_PASSWORD}</arg>
<arg>${Credentials.Password}</arg>
</arguments>
<msg timestamp="20210130 12:11:18.356" level="INFO">Typing text 'TestPassword!' into text field 'xpath=//input[@type="password"]'.</msg>
<status status="PASS" starttime="20210130 12:11:18.356" endtime="20210130 12:11:18.496"></status>
</kw>
<status status="PASS" starttime="20210130 12:11:18.355" endtime="20210130 12:11:18.496"></status>
</kw>
<status status="PASS" starttime="20210130 12:11:17.344" endtime="20210130 12:11:18.496"></status>
</kw>
<kw name="Click Submit" library="SignIn">
<kw name="Click Button" library="SeleniumLibrary">
<doc>Clicks the button identified by ``locator``.</doc>
<arguments>
<arg>${LOGIN_SUBMIT_BUTTON}</arg>
</arguments>
<msg timestamp="20210130 12:11:18.498" level="INFO">Clicking button 'xpath=//button[@type="submit"]'.</msg>
<status status="PASS" starttime="20210130 12:11:18.497" endtime="20210130 12:11:18.663"></status>
</kw>
<status status="PASS" starttime="20210130 12:11:18.497" endtime="20210130 12:11:18.663"></status>
</kw>
<kw name="Sleep" library="BuiltIn">
<doc>Pauses the test executed for the given time.</doc>
<arguments>
<arg>5s</arg>
</arguments>
<msg timestamp="20210130 12:11:23.669" level="INFO">Slept 5 seconds</msg>
<status status="PASS" starttime="20210130 12:11:18.663" endtime="20210130 12:11:23.669"></status>
</kw>
<status status="PASS" starttime="20210130 12:11:17.343" endtime="20210130 12:11:23.670"></status>
</kw>
<kw name="Verify Login Page Error Message" library="CarsApp">
<arguments>
<arg>${INVALID_PASSWORD_USER.ExpectedErrorMessage}</arg>
</arguments>
<kw name="Verify Error Message" library="SignIn">
<arguments>
<arg>${ExpectedErrorMessage}</arg>
</arguments>
<kw name="Page Should Contain" library="SeleniumLibrary">
<doc>Verifies that current page contains ``text``.</doc>
<arguments>
<arg>${ExpectedErrorMessage}</arg>
</arguments>
<msg timestamp="20210130 12:11:23.692" level="INFO">Current page contains text 'Sorry, we're having trouble logging you in right now. Please try again.'.</msg>
<status status="PASS" starttime="20210130 12:11:23.672" endtime="20210130 12:11:23.692"></status>
</kw>
<status status="PASS" starttime="20210130 12:11:23.671" endtime="20210130 12:11:23.692"></status>
</kw>
<status status="PASS" starttime="20210130 12:11:23.671" endtime="20210130 12:11:23.693"></status>
</kw>
<kw name="End Web Test" library="Common" type="teardown">
<kw name="Close All Browsers" library="SeleniumLibrary">
<doc>Closes all open browsers and resets the browser cache.</doc>
<status status="PASS" starttime="20210130 12:11:23.693" endtime="20210130 12:11:25.889"></status>
</kw>
<status status="PASS" starttime="20210130 12:11:23.693" endtime="20210130 12:11:25.889"></status>
</kw>
<status status="PASS" starttime="20210130 12:11:11.944" endtime="20210130 12:11:25.889" critical="yes"></status>
</test>
<test id="s1-t3" name="Login with blank email and password should show correct error message">
<kw name="Begin Web Test" library="Common" type="setup">
<kw name="Open Browser" library="SeleniumLibrary">
<doc>Opens a new browser instance to the optional ``url``.</doc>
<arguments>
<arg>about:blank</arg>
<arg>${BROWSER}</arg>
</arguments>
<msg timestamp="20210130 12:11:25.893" level="INFO">Opening browser 'chrome' to base url 'about:blank'.</msg>
<status status="PASS" starttime="20210130 12:11:25.893" endtime="20210130 12:11:29.149"></status>
</kw>
<status status="PASS" starttime="20210130 12:11:25.892" endtime="20210130 12:11:29.150"></status>
</kw>
<kw name="Navigate to Sign In Page" library="CarsApp">
<kw name="Navigate To" library="SignIn">
<kw name="Catenate" library="BuiltIn">
<doc>Catenates the given items together and returns the resulted string.</doc>
<arguments>
<arg>SEPARATOR=/</arg>
<arg>${BASE_URL.${ENVIRONMENT}}</arg>
<arg>${LOGIN_URL}</arg>
</arguments>
<assign>
<var>${SignInUrl}</var>
</assign>
<msg timestamp="20210130 12:11:29.152" level="INFO">${SignInUrl} = https://www.cars.com//profile/secure/login</msg>
<status status="PASS" starttime="20210130 12:11:29.151" endtime="20210130 12:11:29.152"></status>
</kw>
<kw name="Go To" library="SeleniumLibrary">
<doc>Navigates the current browser window to the provided ``url``.</doc>
<arguments>
<arg>${SignInUrl}</arg>
</arguments>
<msg timestamp="20210130 12:11:29.152" level="INFO">Opening url 'https://www.cars.com//profile/secure/login'</msg>
<status status="PASS" starttime="20210130 12:11:29.152" endtime="20210130 12:11:31.439"></status>
</kw>
<status status="PASS" starttime="20210130 12:11:29.151" endtime="20210130 12:11:31.439"></status>
</kw>
<status status="PASS" starttime="20210130 12:11:29.150" endtime="20210130 12:11:31.440"></status>
</kw>
<kw name="Attempt Login" library="CarsApp">
<arguments>
<arg>${BLANK_CREDENTIALS_USER}</arg>
</arguments>
<kw name="Enter Credentials" library="SignIn">
<arguments>
<arg>${Credentials}</arg>
</arguments>
<kw name="Run Keyword Unless" library="BuiltIn">
<doc>Runs the given keyword with the given arguments if ``condition`` is false.</doc>
<arguments>
<arg>'${Credentials.Email}' == '#BLANK'</arg>
<arg>Input Text</arg>
<arg>${SIGN_IN_EMAIL}</arg>
<arg>${Credentials.Email}</arg>
</arguments>
<status status="PASS" starttime="20210130 12:11:31.442" endtime="20210130 12:11:31.443"></status>
</kw>
<kw name="Run Keyword Unless" library="BuiltIn">
<doc>Runs the given keyword with the given arguments if ``condition`` is false.</doc>
<arguments>
<arg>'${Credentials.Password}' == '#BLANK'</arg>
<arg>Input Text</arg>
<arg>${SIGN_IN_PASSWORD}</arg>
<arg>${Credentials.Password}</arg>
</arguments>
<status status="PASS" starttime="20210130 12:11:31.443" endtime="20210130 12:11:31.445"></status>
</kw>
<status status="PASS" starttime="20210130 12:11:31.441" endtime="20210130 12:11:31.445"></status>
</kw>
<kw name="Click Submit" library="SignIn">
<kw name="Click Button" library="SeleniumLibrary">
<doc>Clicks the button identified by ``locator``.</doc>
<arguments>
<arg>${LOGIN_SUBMIT_BUTTON}</arg>
</arguments>
<msg timestamp="20210130 12:11:31.446" level="INFO">Clicking button 'xpath=//button[@type="submit"]'.</msg>
<status status="PASS" starttime="20210130 12:11:31.446" endtime="20210130 12:11:32.359"></status>
</kw>
<status status="PASS" starttime="20210130 12:11:31.445" endtime="20210130 12:11:32.360"></status>
</kw>
<kw name="Sleep" library="BuiltIn">
<doc>Pauses the test executed for the given time.</doc>
<arguments>
<arg>5s</arg>
</arguments>
<msg timestamp="20210130 12:11:37.368" level="INFO">Slept 5 seconds</msg>
<status status="PASS" starttime="20210130 12:11:32.360" endtime="20210130 12:11:37.368"></status>
</kw>
<status status="PASS" starttime="20210130 12:11:31.441" endtime="20210130 12:11:37.368"></status>
</kw>
<kw name="Verify Login Page Error Message" library="CarsApp">
<arguments>
<arg>${BLANK_CREDENTIALS_USER.ExpectedErrorMessage}</arg>
</arguments>
<kw name="Verify Error Message" library="SignIn">
<arguments>
<arg>${ExpectedErrorMessage}</arg>
</arguments>
<kw name="Page Should Contain" library="SeleniumLibrary">
<doc>Verifies that current page contains ``text``.</doc>
<arguments>
<arg>${ExpectedErrorMessage}</arg>
</arguments>
<msg timestamp="20210130 12:11:37.389" level="INFO">Current page contains text 'Please enter your email address and password.'.</msg>
<status status="PASS" starttime="20210130 12:11:37.370" endtime="20210130 12:11:37.389"></status>
</kw>
<status status="PASS" starttime="20210130 12:11:37.369" endtime="20210130 12:11:37.389"></status>
</kw>
<status status="PASS" starttime="20210130 12:11:37.369" endtime="20210130 12:11:37.389"></status>
</kw>
<kw name="End Web Test" library="Common" type="teardown">
<kw name="Close All Browsers" library="SeleniumLibrary">
<doc>Closes all open browsers and resets the browser cache.</doc>
<status status="PASS" starttime="20210130 12:11:37.390" endtime="20210130 12:11:39.556"></status>
</kw>
<status status="PASS" starttime="20210130 12:11:37.390" endtime="20210130 12:11:39.556"></status>
</kw>
<status status="PASS" starttime="20210130 12:11:25.891" endtime="20210130 12:11:39.557" critical="yes"></status>
</test>
<doc>Demonstrate a need for data-driven testing</doc>
<status status="PASS" starttime="20210130 12:10:57.624" endtime="20210130 12:11:39.559"></status>
</suite>
<statistics>
<total>
<stat pass="3" fail="0">Critical Tests</stat>
<stat pass="3" fail="0">All Tests</stat>
</total>
<tag>
</tag>
<suite>
<stat pass="3" fail="0" id="s1" name="Cars">Cars</stat>
</suite>
</statistics>
<errors>
</errors>
</robot>
