<?xml version="1.0" encoding="UTF-8"?>
<robot generator="Robot 3.2.2 (Python 3.9.0 on win32)" generated="20210130 13:03:22.783" rpa="false">
<suite id="s1" name="Cars" source="C:\robot-scripts\data_driven_test - builtin\Tests\Cars.robot">
<test id="s1-t1" name="Invalid login scenarios should display correct error messages">
<kw name="Test Multiple Login Scenarios" library="CarsApp">
<arguments>
<arg>${UNREGISTERED_USER}</arg>
</arguments>
<kw name="Begin Web Test" library="Common">
<kw name="Open Browser" library="SeleniumLibrary">
<doc>Opens a new browser instance to the optional ``url``.</doc>
<arguments>
<arg>about:blank</arg>
<arg>${BROWSER}</arg>
</arguments>
<msg timestamp="20210130 13:03:23.071" level="INFO">Opening browser 'chrome' to base url 'about:blank'.</msg>
<status status="PASS" starttime="20210130 13:03:23.071" endtime="20210130 13:03:26.330"></status>
</kw>
<status status="PASS" starttime="20210130 13:03:23.070" endtime="20210130 13:03:26.330"></status>
</kw>
<kw name="Navigate to Sign In Page" library="CarsApp">
<kw name="Navigate To" library="SignIn">
<kw name="Catenate" library="BuiltIn">
<doc>Catenates the given items together and returns the resulted string.</doc>
<arguments>
<arg>SEPARATOR=/</arg>
<arg>${BASE_URL.${ENVIRONMENT}}</arg>
<arg>${LOGIN_URL}</arg>
</arguments>
<assign>
<var>${SignInUrl}</var>
</assign>
<msg timestamp="20210130 13:03:26.332" level="INFO">${SignInUrl} = https://www.cars.com//profile/secure/login</msg>
<status status="PASS" starttime="20210130 13:03:26.331" endtime="20210130 13:03:26.332"></status>
</kw>
<kw name="Go To" library="SeleniumLibrary">
<doc>Navigates the current browser window to the provided ``url``.</doc>
<arguments>
<arg>${SignInUrl}</arg>
</arguments>
<msg timestamp="20210130 13:03:26.332" level="INFO">Opening url 'https://www.cars.com//profile/secure/login'</msg>
<status status="PASS" starttime="20210130 13:03:26.332" endtime="20210130 13:03:28.576"></status>
</kw>
<status status="PASS" starttime="20210130 13:03:26.331" endtime="20210130 13:03:28.577"></status>
</kw>
<status status="PASS" starttime="20210130 13:03:26.330" endtime="20210130 13:03:28.577"></status>
</kw>
<kw name="Attempt Login" library="CarsApp">
<arguments>
<arg>${Credentials}</arg>
</arguments>
<kw name="Enter Credentials" library="SignIn">
<arguments>
<arg>${Credentials}</arg>
</arguments>
<kw name="Run Keyword Unless" library="BuiltIn">
<doc>Runs the given keyword with the given arguments if ``condition`` is false.</doc>
<arguments>
<arg>'${Credentials.Email}' == '#BLANK'</arg>
<arg>Input Text</arg>
<arg>${SIGN_IN_EMAIL}</arg>
<arg>${Credentials.Email}</arg>
</arguments>
<kw name="Input Text" library="SeleniumLibrary">
<doc>Types the given ``text`` into the text field identified by ``locator``.</doc>
<arguments>
<arg>${SIGN_IN_EMAIL}</arg>
<arg>${Credentials.Email}</arg>
</arguments>
<msg timestamp="20210130 13:03:28.580" level="INFO">Typing text 'notverifiedemail@fake.com' into text field 'xpath=//input[@type="text"]'.</msg>
<status status="PASS" starttime="20210130 13:03:28.579" endtime="20210130 13:03:29.718"></status>
</kw>
<status status="PASS" starttime="20210130 13:03:28.578" endtime="20210130 13:03:29.718"></status>
</kw>
<kw name="Run Keyword Unless" library="BuiltIn">
<doc>Runs the given keyword with the given arguments if ``condition`` is false.</doc>
<arguments>
<arg>'${Credentials.Password}' == '#BLANK'</arg>
<arg>Input Text</arg>
<arg>${SIGN_IN_PASSWORD}</arg>
<arg>${Credentials.Password}</arg>
</arguments>
<kw name="Input Text" library="SeleniumLibrary">
<doc>Types the given ``text`` into the text field identified by ``locator``.</doc>
<arguments>
<arg>${SIGN_IN_PASSWORD}</arg>
<arg>${Credentials.Password}</arg>
</arguments>
<msg timestamp="20210130 13:03:29.719" level="INFO">Typing text 'TestPassword!' into text field 'xpath=//input[@type="password"]'.</msg>
<status status="PASS" starttime="20210130 13:03:29.719" endtime="20210130 13:03:29.869"></status>
</kw>
<status status="PASS" starttime="20210130 13:03:29.718" endtime="20210130 13:03:29.869"></status>
</kw>
<status status="PASS" starttime="20210130 13:03:28.578" endtime="20210130 13:03:29.870"></status>
</kw>
<kw name="Click Submit" library="SignIn">
<kw name="Click Button" library="SeleniumLibrary">
<doc>Clicks the button identified by ``locator``.</doc>
<arguments>
<arg>${LOGIN_SUBMIT_BUTTON}</arg>
</arguments>
<msg timestamp="20210130 13:03:29.871" level="INFO">Clicking button 'xpath=//button[@type="submit"]'.</msg>
<status status="PASS" starttime="20210130 13:03:29.870" endtime="20210130 13:03:30.032"></status>
</kw>
<status status="PASS" starttime="20210130 13:03:29.870" endtime="20210130 13:03:30.032"></status>
</kw>
<kw name="Sleep" library="BuiltIn">
<doc>Pauses the test executed for the given time.</doc>
<arguments>
<arg>1s</arg>
</arguments>
<msg timestamp="20210130 13:03:31.036" level="INFO">Slept 1 second</msg>
<status status="PASS" starttime="20210130 13:03:30.032" endtime="20210130 13:03:31.036"></status>
</kw>
<status status="PASS" starttime="20210130 13:03:28.577" endtime="20210130 13:03:31.037"></status>
</kw>
<kw name="Verify Login Page Error Message" library="CarsApp">
<arguments>
<arg>${Credentials.ExpectedErrorMessage}</arg>
</arguments>
<kw name="Verify Error Message" library="SignIn">
<arguments>
<arg>${ExpectedErrorMessage}</arg>
</arguments>
<kw name="Page Should Contain" library="SeleniumLibrary">
<doc>Verifies that current page contains ``text``.</doc>
<arguments>
<arg>${ExpectedErrorMessage}</arg>
</arguments>
<msg timestamp="20210130 13:03:31.063" level="INFO">Current page contains text 'Sorry, we're having trouble logging you in right now. Please try again.'.</msg>
<status status="PASS" starttime="20210130 13:03:31.038" endtime="20210130 13:03:31.063"></status>
</kw>
<status status="PASS" starttime="20210130 13:03:31.038" endtime="20210130 13:03:31.063"></status>
</kw>
<status status="PASS" starttime="20210130 13:03:31.037" endtime="20210130 13:03:31.063"></status>
</kw>
<kw name="End Web Test" library="Common">
<kw name="Close All Browsers" library="SeleniumLibrary">
<doc>Closes all open browsers and resets the browser cache.</doc>
<status status="PASS" starttime="20210130 13:03:31.063" endtime="20210130 13:03:33.264"></status>
</kw>
<status status="PASS" starttime="20210130 13:03:31.063" endtime="20210130 13:03:33.264"></status>
</kw>
<status status="PASS" starttime="20210130 13:03:23.069" endtime="20210130 13:03:33.264"></status>
</kw>
<kw name="Test Multiple Login Scenarios" library="CarsApp">
<arguments>
<arg>${INVALID_PASSWORD_USER}</arg>
</arguments>
<kw name="Begin Web Test" library="Common">
<kw name="Open Browser" library="SeleniumLibrary">
<doc>Opens a new browser instance to the optional ``url``.</doc>
<arguments>
<arg>about:blank</arg>
<arg>${BROWSER}</arg>
</arguments>
<msg timestamp="20210130 13:03:33.267" level="INFO">Opening browser 'chrome' to base url 'about:blank'.</msg>
<status status="PASS" starttime="20210130 13:03:33.266" endtime="20210130 13:03:36.506"></status>
</kw>
<status status="PASS" starttime="20210130 13:03:33.266" endtime="20210130 13:03:36.506"></status>
</kw>
<kw name="Navigate to Sign In Page" library="CarsApp">
<kw name="Navigate To" library="SignIn">
<kw name="Catenate" library="BuiltIn">
<doc>Catenates the given items together and returns the resulted string.</doc>
<arguments>
<arg>SEPARATOR=/</arg>
<arg>${BASE_URL.${ENVIRONMENT}}</arg>
<arg>${LOGIN_URL}</arg>
</arguments>
<assign>
<var>${SignInUrl}</var>
</assign>
<msg timestamp="20210130 13:03:36.508" level="INFO">${SignInUrl} = https://www.cars.com//profile/secure/login</msg>
<status status="PASS" starttime="20210130 13:03:36.507" endtime="20210130 13:03:36.508"></status>
</kw>
<kw name="Go To" library="SeleniumLibrary">
<doc>Navigates the current browser window to the provided ``url``.</doc>
<arguments>
<arg>${SignInUrl}</arg>
</arguments>
<msg timestamp="20210130 13:03:36.509" level="INFO">Opening url 'https://www.cars.com//profile/secure/login'</msg>
<status status="PASS" starttime="20210130 13:03:36.508" endtime="20210130 13:03:38.704"></status>
</kw>
<status status="PASS" starttime="20210130 13:03:36.507" endtime="20210130 13:03:38.704"></status>
</kw>
<status status="PASS" starttime="20210130 13:03:36.507" endtime="20210130 13:03:38.705"></status>
</kw>
<kw name="Attempt Login" library="CarsApp">
<arguments>
<arg>${Credentials}</arg>
</arguments>
<kw name="Enter Credentials" library="SignIn">
<arguments>
<arg>${Credentials}</arg>
</arguments>
<kw name="Run Keyword Unless" library="BuiltIn">
<doc>Runs the given keyword with the given arguments if ``condition`` is false.</doc>
<arguments>
<arg>'${Credentials.Email}' == '#BLANK'</arg>
<arg>Input Text</arg>
<arg>${SIGN_IN_EMAIL}</arg>
<arg>${Credentials.Email}</arg>
</arguments>
<kw name="Input Text" library="SeleniumLibrary">
<doc>Types the given ``text`` into the text field identified by ``locator``.</doc>
<arguments>
<arg>${SIGN_IN_EMAIL}</arg>
<arg>${Credentials.Email}</arg>
</arguments>
<msg timestamp="20210130 13:03:38.708" level="INFO">Typing text 'fakeemail@fake.com' into text field 'xpath=//input[@type="text"]'.</msg>
<status status="PASS" starttime="20210130 13:03:38.707" endtime="20210130 13:03:39.683"></status>
</kw>
<status status="PASS" starttime="20210130 13:03:38.706" endtime="20210130 13:03:39.683"></status>
</kw>
<kw name="Run Keyword Unless" library="BuiltIn">
<doc>Runs the given keyword with the given arguments if ``condition`` is false.</doc>
<arguments>
<arg>'${Credentials.Password}' == '#BLANK'</arg>
<arg>Input Text</arg>
<arg>${SIGN_IN_PASSWORD}</arg>
<arg>${Credentials.Password}</arg>
</arguments>
<kw name="Input Text" library="SeleniumLibrary">
<doc>Types the given ``text`` into the text field identified by ``locator``.</doc>
<arguments>
<arg>${SIGN_IN_PASSWORD}</arg>
<arg>${Credentials.Password}</arg>
</arguments>
<msg timestamp="20210130 13:03:39.685" level="INFO">Typing text 'TestPassword!' into text field 'xpath=//input[@type="password"]'.</msg>
<status status="PASS" starttime="20210130 13:03:39.684" endtime="20210130 13:03:39.830"></status>
</kw>
<status status="PASS" starttime="20210130 13:03:39.684" endtime="20210130 13:03:39.831"></status>
</kw>
<status status="PASS" starttime="20210130 13:03:38.705" endtime="20210130 13:03:39.831"></status>
</kw>
<kw name="Click Submit" library="SignIn">
<kw name="Click Button" library="SeleniumLibrary">
<doc>Clicks the button identified by ``locator``.</doc>
<arguments>
<arg>${LOGIN_SUBMIT_BUTTON}</arg>
</arguments>
<msg timestamp="20210130 13:03:39.832" level="INFO">Clicking button 'xpath=//button[@type="submit"]'.</msg>
<status status="PASS" starttime="20210130 13:03:39.832" endtime="20210130 13:03:40.020"></status>
</kw>
<status status="PASS" starttime="20210130 13:03:39.831" endtime="20210130 13:03:40.020"></status>
</kw>
<kw name="Sleep" library="BuiltIn">
<doc>Pauses the test executed for the given time.</doc>
<arguments>
<arg>1s</arg>
</arguments>
<msg timestamp="20210130 13:03:41.025" level="INFO">Slept 1 second</msg>
<status status="PASS" starttime="20210130 13:03:40.021" endtime="20210130 13:03:41.025"></status>
</kw>
<status status="PASS" starttime="20210130 13:03:38.705" endtime="20210130 13:03:41.025"></status>
</kw>
<kw name="Verify Login Page Error Message" library="CarsApp">
<arguments>
<arg>${Credentials.ExpectedErrorMessage}</arg>
</arguments>
<kw name="Verify Error Message" library="SignIn">
<arguments>
<arg>${ExpectedErrorMessage}</arg>
</arguments>
<kw name="Page Should Contain" library="SeleniumLibrary">
<doc>Verifies that current page contains ``text``.</doc>
<arguments>
<arg>${ExpectedErrorMessage}</arg>
</arguments>
<msg timestamp="20210130 13:03:41.062" level="INFO">Current page contains text 'Sorry, we're having trouble logging you in right now. Please try again.'.</msg>
<status status="PASS" starttime="20210130 13:03:41.027" endtime="20210130 13:03:41.062"></status>
</kw>
<status status="PASS" starttime="20210130 13:03:41.025" endtime="20210130 13:03:41.062"></status>
</kw>
<status status="PASS" starttime="20210130 13:03:41.025" endtime="20210130 13:03:41.062"></status>
</kw>
<kw name="End Web Test" library="Common">
<kw name="Close All Browsers" library="SeleniumLibrary">
<doc>Closes all open browsers and resets the browser cache.</doc>
<status status="PASS" starttime="20210130 13:03:41.064" endtime="20210130 13:03:43.241"></status>
</kw>
<status status="PASS" starttime="20210130 13:03:41.062" endtime="20210130 13:03:43.241"></status>
</kw>
<status status="PASS" starttime="20210130 13:03:33.266" endtime="20210130 13:03:43.241"></status>
</kw>
<kw name="Test Multiple Login Scenarios" library="CarsApp">
<arguments>
<arg>${BLANK_CREDENTIALS_USER}</arg>
</arguments>
<kw name="Begin Web Test" library="Common">
<kw name="Open Browser" library="SeleniumLibrary">
<doc>Opens a new browser instance to the optional ``url``.</doc>
<arguments>
<arg>about:blank</arg>
<arg>${BROWSER}</arg>
</arguments>
<msg timestamp="20210130 13:03:43.243" level="INFO">Opening browser 'chrome' to base url 'about:blank'.</msg>
<status status="PASS" starttime="20210130 13:03:43.242" endtime="20210130 13:03:46.449"></status>
</kw>
<status status="PASS" starttime="20210130 13:03:43.242" endtime="20210130 13:03:46.449"></status>
</kw>
<kw name="Navigate to Sign In Page" library="CarsApp">
<kw name="Navigate To" library="SignIn">
<kw name="Catenate" library="BuiltIn">
<doc>Catenates the given items together and returns the resulted string.</doc>
<arguments>
<arg>SEPARATOR=/</arg>
<arg>${BASE_URL.${ENVIRONMENT}}</arg>
<arg>${LOGIN_URL}</arg>
</arguments>
<assign>
<var>${SignInUrl}</var>
</assign>
<msg timestamp="20210130 13:03:46.450" level="INFO">${SignInUrl} = https://www.cars.com//profile/secure/login</msg>
<status status="PASS" starttime="20210130 13:03:46.450" endtime="20210130 13:03:46.450"></status>
</kw>
<kw name="Go To" library="SeleniumLibrary">
<doc>Navigates the current browser window to the provided ``url``.</doc>
<arguments>
<arg>${SignInUrl}</arg>
</arguments>
<msg timestamp="20210130 13:03:46.451" level="INFO">Opening url 'https://www.cars.com//profile/secure/login'</msg>
<status status="PASS" starttime="20210130 13:03:46.451" endtime="20210130 13:03:48.717"></status>
</kw>
<status status="PASS" starttime="20210130 13:03:46.450" endtime="20210130 13:03:48.718"></status>
</kw>
<status status="PASS" starttime="20210130 13:03:46.449" endtime="20210130 13:03:48.718"></status>
</kw>
<kw name="Attempt Login" library="CarsApp">
<arguments>
<arg>${Credentials}</arg>
</arguments>
<kw name="Enter Credentials" library="SignIn">
<arguments>
<arg>${Credentials}</arg>
</arguments>
<kw name="Run Keyword Unless" library="BuiltIn">
<doc>Runs the given keyword with the given arguments if ``condition`` is false.</doc>
<arguments>
<arg>'${Credentials.Email}' == '#BLANK'</arg>
<arg>Input Text</arg>
<arg>${SIGN_IN_EMAIL}</arg>
<arg>${Credentials.Email}</arg>
</arguments>
<status status="PASS" starttime="20210130 13:03:48.720" endtime="20210130 13:03:48.720"></status>
</kw>
<kw name="Run Keyword Unless" library="BuiltIn">
<doc>Runs the given keyword with the given arguments if ``condition`` is false.</doc>
<arguments>
<arg>'${Credentials.Password}' == '#BLANK'</arg>
<arg>Input Text</arg>
<arg>${SIGN_IN_PASSWORD}</arg>
<arg>${Credentials.Password}</arg>
</arguments>
<status status="PASS" starttime="20210130 13:03:48.721" endtime="20210130 13:03:48.721"></status>
</kw>
<status status="PASS" starttime="20210130 13:03:48.719" endtime="20210130 13:03:48.721"></status>
</kw>
<kw name="Click Submit" library="SignIn">
<kw name="Click Button" library="SeleniumLibrary">
<doc>Clicks the button identified by ``locator``.</doc>
<arguments>
<arg>${LOGIN_SUBMIT_BUTTON}</arg>
</arguments>
<msg timestamp="20210130 13:03:48.722" level="INFO">Clicking button 'xpath=//button[@type="submit"]'.</msg>
<status status="PASS" starttime="20210130 13:03:48.721" endtime="20210130 13:03:49.738"></status>
</kw>
<status status="PASS" starttime="20210130 13:03:48.721" endtime="20210130 13:03:49.739"></status>
</kw>
<kw name="Sleep" library="BuiltIn">
<doc>Pauses the test executed for the given time.</doc>
<arguments>
<arg>1s</arg>
</arguments>
<msg timestamp="20210130 13:03:50.745" level="INFO">Slept 1 second</msg>
<status status="PASS" starttime="20210130 13:03:49.739" endtime="20210130 13:03:50.745"></status>
</kw>
<status status="PASS" starttime="20210130 13:03:48.718" endtime="20210130 13:03:50.746"></status>
</kw>
<kw name="Verify Login Page Error Message" library="CarsApp">
<arguments>
<arg>${Credentials.ExpectedErrorMessage}</arg>
</arguments>
<kw name="Verify Error Message" library="SignIn">
<arguments>
<arg>${ExpectedErrorMessage}</arg>
</arguments>
<kw name="Page Should Contain" library="SeleniumLibrary">
<doc>Verifies that current page contains ``text``.</doc>
<arguments>
<arg>${ExpectedErrorMessage}</arg>
</arguments>
<msg timestamp="20210130 13:03:50.767" level="INFO">Current page contains text 'Please enter your email address and password.'.</msg>
<status status="PASS" starttime="20210130 13:03:50.747" endtime="20210130 13:03:50.767"></status>
</kw>
<status status="PASS" starttime="20210130 13:03:50.747" endtime="20210130 13:03:50.767"></status>
</kw>
<status status="PASS" starttime="20210130 13:03:50.746" endtime="20210130 13:03:50.767"></status>
</kw>
<kw name="End Web Test" library="Common">
<kw name="Close All Browsers" library="SeleniumLibrary">
<doc>Closes all open browsers and resets the browser cache.</doc>
<status status="PASS" starttime="20210130 13:03:50.768" endtime="20210130 13:03:52.966"></status>
</kw>
<status status="PASS" starttime="20210130 13:03:50.767" endtime="20210130 13:03:52.966"></status>
</kw>
<status status="PASS" starttime="20210130 13:03:43.241" endtime="20210130 13:03:52.966"></status>
</kw>
<status status="PASS" starttime="20210130 13:03:23.068" endtime="20210130 13:03:52.969" critical="yes"></status>
</test>
<doc>Demonstrate a need for data-driven testing</doc>
<status status="PASS" starttime="20210130 13:03:22.783" endtime="20210130 13:03:52.970"></status>
</suite>
<statistics>
<total>
<stat pass="1" fail="0">Critical Tests</stat>
<stat pass="1" fail="0">All Tests</stat>
</total>
<tag>
</tag>
<suite>
<stat pass="1" fail="0" id="s1" name="Cars">Cars</stat>
</suite>
</statistics>
<errors>
</errors>
</robot>
