<?xml version="1.0" encoding="UTF-8"?>
<robot generator="Robot 3.2.2 (Python 3.9.0 on win32)" generated="20210115 17:39:39.007" rpa="false">
<suite id="s1" name="Locator Strategy" source="C:\robot-scripts\Level_2\Tests\locator_strategy.robot">
<test id="s1-t1" name="Check simulating mouse hover">
<kw name="Open Browser" library="SeleniumLibrary">
<doc>Opens a new browser instance to the optional ``url``.</doc>
<arguments>
<arg>${URL}</arg>
<arg>${Browser}</arg>
</arguments>
<msg timestamp="20210115 17:39:39.389" level="INFO">Opening browser 'firefox' to base url 'https://www.amazon.com'.</msg>
<msg timestamp="20210115 17:39:39.393" level="INFO">Firefox driver log is always forced to to: C:\robot-scripts\Level_2\Results\geckodriver-6.log</msg>
<status status="PASS" starttime="20210115 17:39:39.389" endtime="20210115 17:39:47.878"></status>
</kw>
<kw name="Maximize Browser Window" library="SeleniumLibrary">
<doc>Maximizes current browser window.</doc>
<status status="PASS" starttime="20210115 17:39:47.879" endtime="20210115 17:39:48.165"></status>
</kw>
<kw name="Mouse Over" library="SeleniumLibrary">
<doc>Simulates hovering the mouse over the element ``locator``.</doc>
<arguments>
<arg>id=nav-link-accountList</arg>
</arguments>
<msg timestamp="20210115 17:39:48.170" level="INFO">Simulating Mouse Over on element 'id=nav-link-accountList'.</msg>
<status status="PASS" starttime="20210115 17:39:48.169" endtime="20210115 17:39:48.761"></status>
</kw>
<kw name="Sleep" library="BuiltIn">
<doc>Pauses the test executed for the given time.</doc>
<arguments>
<arg>5s</arg>
</arguments>
<msg timestamp="20210115 17:39:53.778" level="INFO">Slept 5 seconds</msg>
<status status="PASS" starttime="20210115 17:39:48.761" endtime="20210115 17:39:53.778"></status>
</kw>
<kw name="Click Link" library="SeleniumLibrary">
<doc>Clicks a link identified by ``locator``.</doc>
<arguments>
<arg>css=#nav-al-your-account &gt; a:nth-child(5)</arg>
</arguments>
<msg timestamp="20210115 17:39:53.780" level="INFO">Clicking link 'css=#nav-al-your-account &gt; a:nth-child(5)'.</msg>
<status status="PASS" starttime="20210115 17:39:53.779" endtime="20210115 17:39:54.476"></status>
</kw>
<kw name="Wait Until Page Contains" library="SeleniumLibrary">
<doc>Waits until ``text`` appears on the current page.</doc>
<arguments>
<arg>Browsing history</arg>
</arguments>
<status status="PASS" starttime="20210115 17:39:54.477" endtime="20210115 17:39:54.579"></status>
</kw>
<kw name="Close Browser" library="SeleniumLibrary">
<doc>Closes the current browser.</doc>
<status status="PASS" starttime="20210115 17:39:54.580" endtime="20210115 17:39:56.497"></status>
</kw>
<status status="PASS" starttime="20210115 17:39:39.389" endtime="20210115 17:39:56.512" critical="yes"></status>
</test>
<status status="PASS" starttime="20210115 17:39:39.012" endtime="20210115 17:39:56.512"></status>
</suite>
<statistics>
<total>
<stat pass="1" fail="0">Critical Tests</stat>
<stat pass="1" fail="0">All Tests</stat>
</total>
<tag>
</tag>
<suite>
<stat pass="1" fail="0" id="s1" name="Locator Strategy">Locator Strategy</stat>
</suite>
</statistics>
<errors>
</errors>
</robot>
