<?xml version="1.0" encoding="UTF-8"?>
<robot generator="Robot 3.2.2 (Python 3.9.0 on win32)" generated="20210131 11:00:28.570" rpa="false">
<suite id="s1" name="List And Dictionary" source="C:\robot-scripts\Level_2\Tests\list_and_dictionary.robot">
<test id="s1-t1" name="Log Listed Items">
<kw name="Set Variable" library="BuiltIn">
<doc>Returns the given values which can then be assigned to a variables.</doc>
<arguments>
<arg>@{List of names}</arg>
</arguments>
<assign>
<var>${name 1}</var>
<var>${name 2}</var>
<var>${name 3}</var>
</assign>
<msg timestamp="20210131 11:00:28.848" level="INFO">${name 1} = Taqi</msg>
<msg timestamp="20210131 11:00:28.848" level="INFO">${name 2} = Saimul</msg>
<msg timestamp="20210131 11:00:28.848" level="INFO">${name 3} = Affani</msg>
<status status="PASS" starttime="20210131 11:00:28.847" endtime="20210131 11:00:28.848"></status>
</kw>
<kw name="Log Many" library="BuiltIn">
<doc>Logs the given messages as separate entries using the INFO level.</doc>
<arguments>
<arg>${name 1}</arg>
<arg>${name 2}</arg>
<arg>${name 3}</arg>
</arguments>
<msg timestamp="20210131 11:00:28.849" level="INFO">Taqi</msg>
<msg timestamp="20210131 11:00:28.849" level="INFO">Saimul</msg>
<msg timestamp="20210131 11:00:28.849" level="INFO">Affani</msg>
<status status="PASS" starttime="20210131 11:00:28.848" endtime="20210131 11:00:28.849"></status>
</kw>
<status status="PASS" starttime="20210131 11:00:28.846" endtime="20210131 11:00:28.849" critical="yes"></status>
</test>
<test id="s1-t2" name="Iterate Through Dictionary">
<kw name="${key} | ${value} IN [ &amp;{URL} ]" type="for">
<kw name="${key} = google, ${value} = http://www.google.com" type="foritem">
<kw name="Open Browser" library="SeleniumLibrary">
<doc>Opens a new browser instance to the optional ``url``.</doc>
<arguments>
<arg>about:blank</arg>
<arg>chrome</arg>
</arguments>
<msg timestamp="20210131 11:00:28.864" level="INFO">Opening browser 'chrome' to base url 'about:blank'.</msg>
<status status="PASS" starttime="20210131 11:00:28.861" endtime="20210131 11:00:32.113"></status>
</kw>
<kw name="Maximize Browser Window" library="SeleniumLibrary">
<doc>Maximizes current browser window.</doc>
<status status="PASS" starttime="20210131 11:00:32.113" endtime="20210131 11:00:34.283"></status>
</kw>
<kw name="Go To" library="SeleniumLibrary">
<doc>Navigates the current browser window to the provided ``url``.</doc>
<arguments>
<arg>${URL['google']}</arg>
</arguments>
<msg timestamp="20210131 11:00:34.284" level="INFO">Opening url 'http://www.google.com'</msg>
<status status="PASS" starttime="20210131 11:00:34.283" endtime="20210131 11:00:35.248"></status>
</kw>
<kw name="Sleep" library="BuiltIn">
<doc>Pauses the test executed for the given time.</doc>
<arguments>
<arg>2s</arg>
</arguments>
<msg timestamp="20210131 11:00:37.254" level="INFO">Slept 2 seconds</msg>
<status status="PASS" starttime="20210131 11:00:35.248" endtime="20210131 11:00:37.254"></status>
</kw>
<kw name="Close Browser" library="SeleniumLibrary">
<doc>Closes the current browser.</doc>
<status status="PASS" starttime="20210131 11:00:37.254" endtime="20210131 11:00:39.472"></status>
</kw>
<status status="PASS" starttime="20210131 11:00:28.861" endtime="20210131 11:00:39.472"></status>
</kw>
<kw name="${key} = robot_tutorial, ${value} = http://www.robotframeworktutorial.com/" type="foritem">
<kw name="Open Browser" library="SeleniumLibrary">
<doc>Opens a new browser instance to the optional ``url``.</doc>
<arguments>
<arg>about:blank</arg>
<arg>chrome</arg>
</arguments>
<msg timestamp="20210131 11:00:39.473" level="INFO">Opening browser 'chrome' to base url 'about:blank'.</msg>
<status status="PASS" starttime="20210131 11:00:39.473" endtime="20210131 11:00:42.707"></status>
</kw>
<kw name="Maximize Browser Window" library="SeleniumLibrary">
<doc>Maximizes current browser window.</doc>
<status status="PASS" starttime="20210131 11:00:42.708" endtime="20210131 11:00:44.867"></status>
</kw>
<kw name="Go To" library="SeleniumLibrary">
<doc>Navigates the current browser window to the provided ``url``.</doc>
<arguments>
<arg>${URL['google']}</arg>
</arguments>
<msg timestamp="20210131 11:00:44.868" level="INFO">Opening url 'http://www.google.com'</msg>
<status status="PASS" starttime="20210131 11:00:44.868" endtime="20210131 11:00:45.805"></status>
</kw>
<kw name="Sleep" library="BuiltIn">
<doc>Pauses the test executed for the given time.</doc>
<arguments>
<arg>2s</arg>
</arguments>
<msg timestamp="20210131 11:00:47.814" level="INFO">Slept 2 seconds</msg>
<status status="PASS" starttime="20210131 11:00:45.805" endtime="20210131 11:00:47.814"></status>
</kw>
<kw name="Close Browser" library="SeleniumLibrary">
<doc>Closes the current browser.</doc>
<status status="PASS" starttime="20210131 11:00:47.814" endtime="20210131 11:00:50.241"></status>
</kw>
<status status="PASS" starttime="20210131 11:00:39.473" endtime="20210131 11:00:50.241"></status>
</kw>
<kw name="${key} = amazon, ${value} = http://www.amazon.com" type="foritem">
<kw name="Open Browser" library="SeleniumLibrary">
<doc>Opens a new browser instance to the optional ``url``.</doc>
<arguments>
<arg>about:blank</arg>
<arg>chrome</arg>
</arguments>
<msg timestamp="20210131 11:00:50.242" level="INFO">Opening browser 'chrome' to base url 'about:blank'.</msg>
<status status="PASS" starttime="20210131 11:00:50.241" endtime="20210131 11:00:53.481"></status>
</kw>
<kw name="Maximize Browser Window" library="SeleniumLibrary">
<doc>Maximizes current browser window.</doc>
<status status="PASS" starttime="20210131 11:00:53.481" endtime="20210131 11:00:55.640"></status>
</kw>
<kw name="Go To" library="SeleniumLibrary">
<doc>Navigates the current browser window to the provided ``url``.</doc>
<arguments>
<arg>${URL['google']}</arg>
</arguments>
<msg timestamp="20210131 11:00:55.640" level="INFO">Opening url 'http://www.google.com'</msg>
<status status="PASS" starttime="20210131 11:00:55.640" endtime="20210131 11:00:56.659"></status>
</kw>
<kw name="Sleep" library="BuiltIn">
<doc>Pauses the test executed for the given time.</doc>
<arguments>
<arg>2s</arg>
</arguments>
<msg timestamp="20210131 11:00:58.665" level="INFO">Slept 2 seconds</msg>
<status status="PASS" starttime="20210131 11:00:56.659" endtime="20210131 11:00:58.665"></status>
</kw>
<kw name="Close Browser" library="SeleniumLibrary">
<doc>Closes the current browser.</doc>
<status status="PASS" starttime="20210131 11:00:58.665" endtime="20210131 11:01:00.910"></status>
</kw>
<status status="PASS" starttime="20210131 11:00:50.241" endtime="20210131 11:01:00.910"></status>
</kw>
<status status="PASS" starttime="20210131 11:00:28.861" endtime="20210131 11:01:00.910"></status>
</kw>
<status status="PASS" starttime="20210131 11:00:28.861" endtime="20210131 11:01:00.911" critical="yes"></status>
</test>
<status status="PASS" starttime="20210131 11:00:28.573" endtime="20210131 11:01:00.912"></status>
</suite>
<statistics>
<total>
<stat pass="2" fail="0">Critical Tests</stat>
<stat pass="2" fail="0">All Tests</stat>
</total>
<tag>
</tag>
<suite>
<stat pass="2" fail="0" id="s1" name="List And Dictionary">List And Dictionary</stat>
</suite>
</statistics>
<errors>
</errors>
</robot>
