<?xml version="1.0" encoding="UTF-8"?>
<robot generator="Robot 3.2.2 (Python 3.9.0 on win32)" generated="20201231 12:27:41.397" rpa="false">
<suite id="s1" name="Amazon" source="C:\robot-scripts\amazon\Tests\amazon.robot">
<kw name="Do Something" library="Common" type="setup">
<kw name="Log" library="BuiltIn">
<doc>Logs the given message with the given level.</doc>
<arguments>
<arg>I am testing</arg>
</arguments>
<msg timestamp="20201231 12:27:41.685" level="INFO">I am testing</msg>
<status status="PASS" starttime="20201231 12:27:41.684" endtime="20201231 12:27:41.686"></status>
</kw>
<status status="PASS" starttime="20201231 12:27:41.684" endtime="20201231 12:27:41.686"></status>
</kw>
<test id="s1-t1" name="User must sign in to check out">
<kw name="Begin Web Test" library="Common" type="setup">
<kw name="Open Browser" library="SeleniumLibrary">
<doc>Opens a new browser instance to the optional ``url``.</doc>
<arguments>
<arg>about:blank</arg>
<arg>${Browser}</arg>
</arguments>
<msg timestamp="20201231 12:27:41.688" level="INFO">Opening browser 'chrome' to base url 'about:blank'.</msg>
<status status="PASS" starttime="20201231 12:27:41.688" endtime="20201231 12:27:44.940"></status>
</kw>
<kw name="Maximize Browser Window" library="SeleniumLibrary">
<doc>Maximizes current browser window.</doc>
<status status="PASS" starttime="20201231 12:27:44.941" endtime="20201231 12:27:47.105"></status>
</kw>
<status status="PASS" starttime="20201231 12:27:41.687" endtime="20201231 12:27:47.105"></status>
</kw>
<kw name="Seach for Products" library="Amazon">
<kw name="Go To" library="SeleniumLibrary">
<doc>Navigates the current browser window to the provided ``url``.</doc>
<arguments>
<arg>${URL}</arg>
</arguments>
<msg timestamp="20201231 12:27:47.106" level="INFO">Opening url 'http://www.amazon.com'</msg>
<status status="PASS" starttime="20201231 12:27:47.105" endtime="20201231 12:27:48.647"></status>
</kw>
<kw name="Wait Until Page Contains" library="SeleniumLibrary">
<doc>Waits until ``text`` appears on the current page.</doc>
<arguments>
<arg>Today's Deals</arg>
</arguments>
<status status="PASS" starttime="20201231 12:27:48.647" endtime="20201231 12:27:48.722"></status>
</kw>
<kw name="Input Text" library="SeleniumLibrary">
<doc>Types the given ``text`` into the text field identified by ``locator``.</doc>
<arguments>
<arg>id=twotabsearchtextbox</arg>
<arg>${search_term}</arg>
</arguments>
<msg timestamp="20201231 12:27:48.723" level="INFO">Typing text 'Ferrari 458' into text field 'id=twotabsearchtextbox'.</msg>
<status status="PASS" starttime="20201231 12:27:48.722" endtime="20201231 12:27:48.878"></status>
</kw>
<kw name="Click Button" library="SeleniumLibrary">
<doc>Clicks the button identified by ``locator``.</doc>
<arguments>
<arg>xpath=//*[@id="nav-search"]/form/div[3]/div/span/input</arg>
</arguments>
<msg timestamp="20201231 12:27:48.880" level="INFO">Clicking button 'xpath=//*[@id="nav-search"]/form/div[3]/div/span/input'.</msg>
<status status="PASS" starttime="20201231 12:27:48.880" endtime="20201231 12:27:50.879"></status>
</kw>
<kw name="Wait Until Page Contains" library="SeleniumLibrary">
<doc>Waits until ``text`` appears on the current page.</doc>
<arguments>
<arg>results for "${search_term}"</arg>
</arguments>
<status status="PASS" starttime="20201231 12:27:50.879" endtime="20201231 12:27:51.018"></status>
</kw>
<status status="PASS" starttime="20201231 12:27:47.105" endtime="20201231 12:27:51.018"></status>
</kw>
<kw name="Select product from Seach Results" library="Amazon">
<kw name="Click Link" library="SeleniumLibrary">
<doc>Clicks a link identified by ``locator``.</doc>
<arguments>
<arg>xpath=//*[@id="search"]/div[1]/div[2]/div/span[3]/div[2]/div[2]/div/span/div/div/div[2]/h2/a</arg>
</arguments>
<msg timestamp="20201231 12:27:51.020" level="INFO">Clicking link 'xpath=//*[@id="search"]/div[1]/div[2]/div/span[3]/div[2]/div[2]/div/span/div/div/div[2]/h2/a'.</msg>
<status status="PASS" starttime="20201231 12:27:51.020" endtime="20201231 12:27:53.978"></status>
</kw>
<kw name="Wait Until Page Contains" library="SeleniumLibrary">
<doc>Waits until ``text`` appears on the current page.</doc>
<arguments>
<arg>Back to results</arg>
</arguments>
<status status="PASS" starttime="20201231 12:27:53.978" endtime="20201231 12:27:54.073"></status>
</kw>
<status status="PASS" starttime="20201231 12:27:51.019" endtime="20201231 12:27:54.073"></status>
</kw>
<kw name="Add Product to Cart" library="Amazon">
<kw name="Click Button" library="SeleniumLibrary">
<doc>Clicks the button identified by ``locator``.</doc>
<arguments>
<arg>id=add-to-cart-button</arg>
</arguments>
<msg timestamp="20201231 12:27:54.075" level="INFO">Clicking button 'id=add-to-cart-button'.</msg>
<status status="PASS" starttime="20201231 12:27:54.075" endtime="20201231 12:27:55.289"></status>
</kw>
<kw name="Wait Until Page Contains" library="SeleniumLibrary">
<doc>Waits until ``text`` appears on the current page.</doc>
<arguments>
<arg>Added to Cart</arg>
</arguments>
<status status="PASS" starttime="20201231 12:27:55.290" endtime="20201231 12:27:55.382"></status>
</kw>
<kw name="Click Link" library="SeleniumLibrary">
<doc>Clicks a link identified by ``locator``.</doc>
<arguments>
<arg>css=#hlb-ptc-btn-native</arg>
</arguments>
<msg timestamp="20201231 12:27:55.382" level="INFO">Clicking link 'css=#hlb-ptc-btn-native'.</msg>
<status status="PASS" starttime="20201231 12:27:55.382" endtime="20201231 12:27:56.335"></status>
</kw>
<kw name="Page Should Contain Element" library="SeleniumLibrary">
<doc>Verifies that element ``locator`` is found on the current page.</doc>
<arguments>
<arg>id=continue</arg>
</arguments>
<msg timestamp="20201231 12:27:56.349" level="INFO">Current page contains element 'id=continue'.</msg>
<status status="PASS" starttime="20201231 12:27:56.335" endtime="20201231 12:27:56.349"></status>
</kw>
<status status="PASS" starttime="20201231 12:27:54.074" endtime="20201231 12:27:56.349"></status>
</kw>
<kw name="End Web Test" library="Common" type="teardown">
<kw name="Close Browser" library="SeleniumLibrary">
<doc>Closes the current browser.</doc>
<status status="PASS" starttime="20201231 12:27:56.350" endtime="20201231 12:27:58.884"></status>
</kw>
<status status="PASS" starttime="20201231 12:27:56.350" endtime="20201231 12:27:58.885"></status>
</kw>
<doc>This is some basic information about test</doc>
<tags>
<tag>Smoke</tag>
</tags>
<status status="PASS" starttime="20201231 12:27:41.686" endtime="20201231 12:27:58.885" critical="yes"></status>
</test>
<test id="s1-t2" name="User can search for product">
<kw name="Begin Web Test" library="Common" type="setup">
<kw name="Open Browser" library="SeleniumLibrary">
<doc>Opens a new browser instance to the optional ``url``.</doc>
<arguments>
<arg>about:blank</arg>
<arg>${Browser}</arg>
</arguments>
<msg timestamp="20201231 12:27:58.887" level="INFO">Opening browser 'chrome' to base url 'about:blank'.</msg>
<status status="PASS" starttime="20201231 12:27:58.887" endtime="20201231 12:28:02.111"></status>
</kw>
<kw name="Maximize Browser Window" library="SeleniumLibrary">
<doc>Maximizes current browser window.</doc>
<status status="PASS" starttime="20201231 12:28:02.112" endtime="20201231 12:28:04.274"></status>
</kw>
<status status="PASS" starttime="20201231 12:27:58.887" endtime="20201231 12:28:04.274"></status>
</kw>
<kw name="Seach for Products" library="Amazon">
<kw name="Go To" library="SeleniumLibrary">
<doc>Navigates the current browser window to the provided ``url``.</doc>
<arguments>
<arg>${URL}</arg>
</arguments>
<msg timestamp="20201231 12:28:04.276" level="INFO">Opening url 'http://www.amazon.com'</msg>
<status status="PASS" starttime="20201231 12:28:04.275" endtime="20201231 12:28:05.786"></status>
</kw>
<kw name="Wait Until Page Contains" library="SeleniumLibrary">
<doc>Waits until ``text`` appears on the current page.</doc>
<arguments>
<arg>Today's Deals</arg>
</arguments>
<status status="PASS" starttime="20201231 12:28:05.786" endtime="20201231 12:28:05.887"></status>
</kw>
<kw name="Input Text" library="SeleniumLibrary">
<doc>Types the given ``text`` into the text field identified by ``locator``.</doc>
<arguments>
<arg>id=twotabsearchtextbox</arg>
<arg>${search_term}</arg>
</arguments>
<msg timestamp="20201231 12:28:05.888" level="INFO">Typing text 'Ferrari 458' into text field 'id=twotabsearchtextbox'.</msg>
<status status="PASS" starttime="20201231 12:28:05.887" endtime="20201231 12:28:06.061"></status>
</kw>
<kw name="Click Button" library="SeleniumLibrary">
<doc>Clicks the button identified by ``locator``.</doc>
<arguments>
<arg>xpath=//*[@id="nav-search"]/form/div[3]/div/span/input</arg>
</arguments>
<msg timestamp="20201231 12:28:06.062" level="INFO">Clicking button 'xpath=//*[@id="nav-search"]/form/div[3]/div/span/input'.</msg>
<status status="PASS" starttime="20201231 12:28:06.061" endtime="20201231 12:28:08.084"></status>
</kw>
<kw name="Wait Until Page Contains" library="SeleniumLibrary">
<doc>Waits until ``text`` appears on the current page.</doc>
<arguments>
<arg>results for "${search_term}"</arg>
</arguments>
<status status="PASS" starttime="20201231 12:28:08.085" endtime="20201231 12:28:08.208"></status>
</kw>
<status status="PASS" starttime="20201231 12:28:04.275" endtime="20201231 12:28:08.209"></status>
</kw>
<kw name="End Web Test" library="Common" type="teardown">
<kw name="Close Browser" library="SeleniumLibrary">
<doc>Closes the current browser.</doc>
<status status="PASS" starttime="20201231 12:28:08.210" endtime="20201231 12:28:11.108"></status>
</kw>
<status status="PASS" starttime="20201231 12:28:08.210" endtime="20201231 12:28:11.108"></status>
</kw>
<doc>Check if user can add product to cart</doc>
<tags>
<tag>Smoke</tag>
</tags>
<status status="PASS" starttime="20201231 12:27:58.886" endtime="20201231 12:28:11.108" critical="yes"></status>
</test>
<kw name="Do something else" library="Common" type="teardown">
<kw name="Log" library="BuiltIn">
<doc>Logs the given message with the given level.</doc>
<arguments>
<arg>I am testing again</arg>
</arguments>
<msg timestamp="20201231 12:28:11.111" level="INFO">I am testing again</msg>
<status status="PASS" starttime="20201231 12:28:11.111" endtime="20201231 12:28:11.111"></status>
</kw>
<status status="PASS" starttime="20201231 12:28:11.111" endtime="20201231 12:28:11.112"></status>
</kw>
<doc>This is my first Robot Framework</doc>
<status status="PASS" starttime="20201231 12:27:41.400" endtime="20201231 12:28:11.112"></status>
</suite>
<statistics>
<total>
<stat pass="2" fail="0">Critical Tests</stat>
<stat pass="2" fail="0">All Tests</stat>
</total>
<tag>
<stat pass="2" fail="0">Smoke</stat>
</tag>
<suite>
<stat pass="2" fail="0" id="s1" name="Amazon">Amazon</stat>
</suite>
</statistics>
<errors>
</errors>
</robot>
