<?xml version="1.0" encoding="UTF-8"?>
<robot generator="Robot 3.2.2 (Python 3.9.0 on win32)" generated="20210108 10:19:02.720" rpa="false">
<suite id="s1" name="Front office" source="C:\robot-scripts\Level_1\front_office\Tests\Front_office.robot">
<test id="s1-t1" name="User should be able to access TEAM page">
<kw name="Begin Web Test" library="Common" type="setup">
<kw name="Open Browser" library="SeleniumLibrary">
<doc>Opens a new browser instance to the optional ``url``.</doc>
<arguments>
<arg>about:blank</arg>
<arg>${BROWSER}</arg>
</arguments>
<msg timestamp="20210108 10:19:02.976" level="INFO">Opening browser 'firefox' to base url 'about:blank'.</msg>
<msg timestamp="20210108 10:19:02.978" level="INFO">Firefox driver log is always forced to to: C:\robot-scripts\Level_1\front_office\Results\geckodriver-8.log</msg>
<status status="PASS" starttime="20210108 10:19:02.976" endtime="20210108 10:19:09.864"></status>
</kw>
<kw name="Maximize Browser Window" library="SeleniumLibrary">
<doc>Maximizes current browser window.</doc>
<status status="PASS" starttime="20210108 10:19:09.864" endtime="20210108 10:19:10.145"></status>
</kw>
<status status="PASS" starttime="20210108 10:19:02.975" endtime="20210108 10:19:10.147"></status>
</kw>
<kw name="Go to Landing Page" library="App">
<kw name="Navigate to" library="Landing">
<kw name="Go To" library="SeleniumLibrary">
<doc>Navigates the current browser window to the provided ``url``.</doc>
<arguments>
<arg>${URL}</arg>
</arguments>
<msg timestamp="20210108 10:19:10.148" level="INFO">Opening url 'http://www.robotframeworktutorial.com/front-office/'</msg>
<status status="PASS" starttime="20210108 10:19:10.148" endtime="20210108 10:19:12.206"></status>
</kw>
<status status="PASS" starttime="20210108 10:19:10.148" endtime="20210108 10:19:12.206"></status>
</kw>
<kw name="Verify that page loaded" library="Landing">
<kw name="Wait Until Page Contains Element" library="SeleniumLibrary">
<doc>Waits until the element ``locator`` appears on the current page.</doc>
<arguments>
<arg>${LANDING_NAVIGATION_ELEMENT}</arg>
</arguments>
<status status="PASS" starttime="20210108 10:19:12.207" endtime="20210108 10:19:12.218"></status>
</kw>
<status status="PASS" starttime="20210108 10:19:12.206" endtime="20210108 10:19:12.218"></status>
</kw>
<status status="PASS" starttime="20210108 10:19:10.147" endtime="20210108 10:19:12.218"></status>
</kw>
<kw name="Go to &quot;TEAM&quot; Page" library="App">
<kw name="Select &quot;TEAM&quot; page" library="TopNav">
<kw name="Click Link" library="SeleniumLibrary">
<doc>Clicks a link identified by ``locator``.</doc>
<arguments>
<arg>${TEAM_LINK}</arg>
</arguments>
<msg timestamp="20210108 10:19:12.221" level="INFO">Clicking link 'css=#bs-example-navbar-collapse-1 &gt; ul &gt; li:nth-child(5) &gt; a'.</msg>
<status status="PASS" starttime="20210108 10:19:12.221" endtime="20210108 10:19:12.460"></status>
</kw>
<status status="PASS" starttime="20210108 10:19:12.220" endtime="20210108 10:19:12.460"></status>
</kw>
<kw name="Verify Page loaded" library="Team">
<kw name="Wait Until Page Contains Element" library="SeleniumLibrary">
<doc>Waits until the element ``locator`` appears on the current page.</doc>
<arguments>
<arg>${TEAM_HEADER_LABEL}</arg>
</arguments>
<status status="PASS" starttime="20210108 10:19:12.462" endtime="20210108 10:19:12.469"></status>
</kw>
<status status="PASS" starttime="20210108 10:19:12.462" endtime="20210108 10:19:12.469"></status>
</kw>
<status status="PASS" starttime="20210108 10:19:12.220" endtime="20210108 10:19:12.469"></status>
</kw>
<kw name="Join Path" library="OperatingSystem">
<doc>Joins the given path part(s) to the given base path.</doc>
<arguments>
<arg>parent</arg>
<arg>example_directory</arg>
</arguments>
<assign>
<var>${New_dir}</var>
</assign>
<msg timestamp="20210108 10:19:12.470" level="INFO">${New_dir} = parent\example_directory</msg>
<status status="PASS" starttime="20210108 10:19:12.470" endtime="20210108 10:19:12.470"></status>
</kw>
<kw name="Create Directory" library="OperatingSystem">
<doc>Creates the specified directory.</doc>
<arguments>
<arg>${New_dir}</arg>
</arguments>
<msg timestamp="20210108 10:19:12.472" level="INFO" html="yes">Created directory '&lt;a href="file://C:\robot-scripts\Level_1\front_office\parent\example_directory"&gt;C:\robot-scripts\Level_1\front_office\parent\example_directory&lt;/a&gt;'.</msg>
<status status="PASS" starttime="20210108 10:19:12.471" endtime="20210108 10:19:12.472"></status>
</kw>
<kw name="Sleep" library="BuiltIn">
<doc>Pauses the test executed for the given time.</doc>
<arguments>
<arg>2s</arg>
</arguments>
<msg timestamp="20210108 10:19:14.479" level="INFO">Slept 2 seconds</msg>
<status status="PASS" starttime="20210108 10:19:12.473" endtime="20210108 10:19:14.479"></status>
</kw>
<kw name="End Web Test" library="Common" type="teardown">
<kw name="Close Browser" library="SeleniumLibrary">
<doc>Closes the current browser.</doc>
<status status="PASS" starttime="20210108 10:19:14.481" endtime="20210108 10:19:15.409"></status>
</kw>
<status status="PASS" starttime="20210108 10:19:14.480" endtime="20210108 10:19:15.409"></status>
</kw>
<doc>User should be able to click the TEAM button on the front page</doc>
<tags>
<tag>Smoke</tag>
</tags>
<status status="PASS" starttime="20210108 10:19:02.974" endtime="20210108 10:19:15.409" critical="yes"></status>
</test>
<doc>This test suite is for testing "http://www.robotframeworktutorial.com/front-office/" website</doc>
<status status="PASS" starttime="20210108 10:19:02.722" endtime="20210108 10:19:15.421"></status>
</suite>
<statistics>
<total>
<stat pass="1" fail="0">Critical Tests</stat>
<stat pass="1" fail="0">All Tests</stat>
</total>
<tag>
<stat pass="1" fail="0">Smoke</stat>
</tag>
<suite>
<stat pass="1" fail="0" id="s1" name="Front office">Front office</stat>
</suite>
</statistics>
<errors>
</errors>
</robot>
