<?xml version="1.0" encoding="UTF-8"?>
<robot generator="Robot 3.2.2 (Python 3.9.0 on win32)" generated="20210131 10:48:15.183" rpa="false">
<suite id="s1" name="Cars" source="C:\robot-scripts\data_driven_test-csv\tests\Cars.robot">
<test id="s1-t1" name="Should see correct error messages with invalid logins">
<kw name="Begin Web Test" library="Common" type="setup">
<kw name="Open Browser" library="SeleniumLibrary">
<doc>Opens a new browser instance to the optional ``url``.</doc>
<arguments>
<arg>about:blank</arg>
<arg>${BROWSER}</arg>
</arguments>
<msg timestamp="20210131 10:48:15.468" level="INFO">Opening browser 'chrome' to base url 'about:blank'.</msg>
<status status="PASS" starttime="20210131 10:48:15.468" endtime="20210131 10:48:18.944"></status>
</kw>
<kw name="Maximize Browser Window" library="SeleniumLibrary">
<doc>Maximizes current browser window.</doc>
<status status="PASS" starttime="20210131 10:48:18.944" endtime="20210131 10:48:21.101"></status>
</kw>
<status status="PASS" starttime="20210131 10:48:15.467" endtime="20210131 10:48:21.101"></status>
</kw>
<kw name="Get CSV data" library="DataManager">
<arguments>
<arg>${User_Credential}</arg>
</arguments>
<assign>
<var>${Invalid_Credentials}</var>
</assign>
<kw name="Read CSV File" library="csv_parse">
<arguments>
<arg>${FilePath}</arg>
</arguments>
<assign>
<var>${Data}</var>
</assign>
<msg timestamp="20210131 10:48:21.102" level="INFO">${Data} = [['nptverifiedemail@fake.com', 'TestPassword!', "we're having trouble logging you in right now. Please try again."], ['fakeemail@fake.com', 'TestPassword!', "we're having trouble logging you in right ...</msg>
<status status="PASS" starttime="20210131 10:48:21.102" endtime="20210131 10:48:21.102"></status>
</kw>
<msg timestamp="20210131 10:48:21.102" level="INFO">${Invalid_Credentials} = [['nptverifiedemail@fake.com', 'TestPassword!', "we're having trouble logging you in right now. Please try again."], ['fakeemail@fake.com', 'TestPassword!', "we're having trouble logging you in right ...</msg>
<status status="PASS" starttime="20210131 10:48:21.101" endtime="20210131 10:48:21.102"></status>
</kw>
<kw name="Login With Many Invalid Credentials" library="CarsApp">
<arguments>
<arg>${Invalid_Credentials}</arg>
</arguments>
<kw name="${elements} IN [ @{Invalid_Credentials} ]" type="for">
<kw name="${elements} = ['nptverifiedemail@fake.com', 'TestPassword!', &quot;we're having trouble logging you in right now. Please try again.&quot;]" type="foritem">
<kw name="Run Keyword And Continue On Failure" library="BuiltIn">
<doc>Runs the keyword and continues execution even if a failure occurs.</doc>
<arguments>
<arg>Begin Web Test</arg>
</arguments>
<kw name="Begin Web Test" library="Common">
<kw name="Open Browser" library="SeleniumLibrary">
<doc>Opens a new browser instance to the optional ``url``.</doc>
<arguments>
<arg>about:blank</arg>
<arg>${BROWSER}</arg>
</arguments>
<msg timestamp="20210131 10:48:21.106" level="INFO">Opening browser 'chrome' to base url 'about:blank'.</msg>
<status status="PASS" starttime="20210131 10:48:21.105" endtime="20210131 10:48:24.322"></status>
</kw>
<kw name="Maximize Browser Window" library="SeleniumLibrary">
<doc>Maximizes current browser window.</doc>
<status status="PASS" starttime="20210131 10:48:24.322" endtime="20210131 10:48:26.506"></status>
</kw>
<status status="PASS" starttime="20210131 10:48:21.105" endtime="20210131 10:48:26.506"></status>
</kw>
<status status="PASS" starttime="20210131 10:48:21.105" endtime="20210131 10:48:26.506"></status>
</kw>
<kw name="Run Keyword And Continue On Failure" library="BuiltIn">
<doc>Runs the keyword and continues execution even if a failure occurs.</doc>
<arguments>
<arg>SignIn.Navigate To</arg>
</arguments>
<kw name="Navigate To" library="SignIn">
<kw name="Catenate" library="BuiltIn">
<doc>Catenates the given items together and returns the resulted string.</doc>
<arguments>
<arg>SEPARATOR=/</arg>
<arg>${BASE_URL.${ENVIRONMENT}}</arg>
<arg>${LOGIN_URL}</arg>
</arguments>
<assign>
<var>${SignInUrl}</var>
</assign>
<msg timestamp="20210131 10:48:26.508" level="INFO">${SignInUrl} = https://www.cars.com//profile/secure/login</msg>
<status status="PASS" starttime="20210131 10:48:26.508" endtime="20210131 10:48:26.508"></status>
</kw>
<kw name="Go To" library="SeleniumLibrary">
<doc>Navigates the current browser window to the provided ``url``.</doc>
<arguments>
<arg>${SignInUrl}</arg>
</arguments>
<msg timestamp="20210131 10:48:26.508" level="INFO">Opening url 'https://www.cars.com//profile/secure/login'</msg>
<status status="PASS" starttime="20210131 10:48:26.508" endtime="20210131 10:48:28.876"></status>
</kw>
<status status="PASS" starttime="20210131 10:48:26.506" endtime="20210131 10:48:28.877"></status>
</kw>
<status status="PASS" starttime="20210131 10:48:26.506" endtime="20210131 10:48:28.877"></status>
</kw>
<kw name="Run Keyword And Continue On Failure" library="BuiltIn">
<doc>Runs the keyword and continues execution even if a failure occurs.</doc>
<arguments>
<arg>Attempt Login</arg>
<arg>${elements}</arg>
</arguments>
<kw name="Attempt Login" library="CarsApp">
<arguments>
<arg>${elements}</arg>
</arguments>
<kw name="Enter Credentials" library="SignIn">
<arguments>
<arg>${Credentials}</arg>
</arguments>
<kw name="Run Keyword Unless" library="BuiltIn">
<doc>Runs the given keyword with the given arguments if ``condition`` is false.</doc>
<arguments>
<arg>'${Credentials[0]}' == '#BLANK'</arg>
<arg>Input Text</arg>
<arg>${SIGN_IN_EMAIL}</arg>
<arg>${Credentials[0]}</arg>
</arguments>
<kw name="Input Text" library="SeleniumLibrary">
<doc>Types the given ``text`` into the text field identified by ``locator``.</doc>
<arguments>
<arg>${SIGN_IN_EMAIL}</arg>
<arg>${Credentials[0]}</arg>
</arguments>
<msg timestamp="20210131 10:48:28.880" level="INFO">Typing text 'nptverifiedemail@fake.com' into text field 'xpath=//input[@type="text"]'.</msg>
<status status="PASS" starttime="20210131 10:48:28.880" endtime="20210131 10:48:29.876"></status>
</kw>
<status status="PASS" starttime="20210131 10:48:28.879" endtime="20210131 10:48:29.876"></status>
</kw>
<kw name="Run Keyword Unless" library="BuiltIn">
<doc>Runs the given keyword with the given arguments if ``condition`` is false.</doc>
<arguments>
<arg>'${Credentials[1]}'== '#BLANK'</arg>
<arg>Input Text</arg>
<arg>${SIGN_IN_PASSWORD}</arg>
<arg>${Credentials[1]}</arg>
</arguments>
<kw name="Input Text" library="SeleniumLibrary">
<doc>Types the given ``text`` into the text field identified by ``locator``.</doc>
<arguments>
<arg>${SIGN_IN_PASSWORD}</arg>
<arg>${Credentials[1]}</arg>
</arguments>
<msg timestamp="20210131 10:48:29.877" level="INFO">Typing text 'TestPassword!' into text field 'xpath=//input[@type="password"]'.</msg>
<status status="PASS" starttime="20210131 10:48:29.877" endtime="20210131 10:48:30.039"></status>
</kw>
<status status="PASS" starttime="20210131 10:48:29.876" endtime="20210131 10:48:30.039"></status>
</kw>
<status status="PASS" starttime="20210131 10:48:28.879" endtime="20210131 10:48:30.039"></status>
</kw>
<kw name="Click Submit" library="SignIn">
<kw name="Click Button" library="SeleniumLibrary">
<doc>Clicks the button identified by ``locator``.</doc>
<arguments>
<arg>${LOGIN_SUBMIT_BUTTON}</arg>
</arguments>
<msg timestamp="20210131 10:48:30.041" level="INFO">Clicking button 'xpath=//button[@type="submit"]'.</msg>
<status status="PASS" starttime="20210131 10:48:30.040" endtime="20210131 10:48:30.209"></status>
</kw>
<status status="PASS" starttime="20210131 10:48:30.039" endtime="20210131 10:48:30.209"></status>
</kw>
<kw name="Sleep" library="BuiltIn">
<doc>Pauses the test executed for the given time.</doc>
<arguments>
<arg>1s</arg>
</arguments>
<msg timestamp="20210131 10:48:31.221" level="INFO">Slept 1 second</msg>
<status status="PASS" starttime="20210131 10:48:30.210" endtime="20210131 10:48:31.221"></status>
</kw>
<status status="PASS" starttime="20210131 10:48:28.878" endtime="20210131 10:48:31.221"></status>
</kw>
<status status="PASS" starttime="20210131 10:48:28.877" endtime="20210131 10:48:31.222"></status>
</kw>
<kw name="Run Keyword And Continue On Failure" library="BuiltIn">
<doc>Runs the keyword and continues execution even if a failure occurs.</doc>
<arguments>
<arg>Verify Login Page Error Message</arg>
<arg>${elements}</arg>
</arguments>
<kw name="Verify Login Page Error Message" library="CarsApp">
<arguments>
<arg>${elements}</arg>
</arguments>
<kw name="Verify Error Message" library="SignIn">
<arguments>
<arg>${ExpectedErrorMessage}</arg>
</arguments>
<kw name="Page Should Contain" library="SeleniumLibrary">
<doc>Verifies that current page contains ``text``.</doc>
<arguments>
<arg>${ExpectedErrorMessage[2]}</arg>
</arguments>
<msg timestamp="20210131 10:48:31.242" level="INFO">Current page contains text 'we're having trouble logging you in right now. Please try again.'.</msg>
<status status="PASS" starttime="20210131 10:48:31.223" endtime="20210131 10:48:31.242"></status>
</kw>
<status status="PASS" starttime="20210131 10:48:31.223" endtime="20210131 10:48:31.242"></status>
</kw>
<status status="PASS" starttime="20210131 10:48:31.222" endtime="20210131 10:48:31.242"></status>
</kw>
<status status="PASS" starttime="20210131 10:48:31.222" endtime="20210131 10:48:31.242"></status>
</kw>
<status status="PASS" starttime="20210131 10:48:21.104" endtime="20210131 10:48:31.242"></status>
</kw>
<kw name="${elements} = ['fakeemail@fake.com', 'TestPassword!', &quot;we're having trouble logging you in right now. Please try again.&quot;]" type="foritem">
<kw name="Run Keyword And Continue On Failure" library="BuiltIn">
<doc>Runs the keyword and continues execution even if a failure occurs.</doc>
<arguments>
<arg>Begin Web Test</arg>
</arguments>
<kw name="Begin Web Test" library="Common">
<kw name="Open Browser" library="SeleniumLibrary">
<doc>Opens a new browser instance to the optional ``url``.</doc>
<arguments>
<arg>about:blank</arg>
<arg>${BROWSER}</arg>
</arguments>
<msg timestamp="20210131 10:48:31.244" level="INFO">Opening browser 'chrome' to base url 'about:blank'.</msg>
<status status="PASS" starttime="20210131 10:48:31.243" endtime="20210131 10:48:34.465"></status>
</kw>
<kw name="Maximize Browser Window" library="SeleniumLibrary">
<doc>Maximizes current browser window.</doc>
<status status="PASS" starttime="20210131 10:48:34.465" endtime="20210131 10:48:36.609"></status>
</kw>
<status status="PASS" starttime="20210131 10:48:31.243" endtime="20210131 10:48:36.610"></status>
</kw>
<status status="PASS" starttime="20210131 10:48:31.243" endtime="20210131 10:48:36.610"></status>
</kw>
<kw name="Run Keyword And Continue On Failure" library="BuiltIn">
<doc>Runs the keyword and continues execution even if a failure occurs.</doc>
<arguments>
<arg>SignIn.Navigate To</arg>
</arguments>
<kw name="Navigate To" library="SignIn">
<kw name="Catenate" library="BuiltIn">
<doc>Catenates the given items together and returns the resulted string.</doc>
<arguments>
<arg>SEPARATOR=/</arg>
<arg>${BASE_URL.${ENVIRONMENT}}</arg>
<arg>${LOGIN_URL}</arg>
</arguments>
<assign>
<var>${SignInUrl}</var>
</assign>
<msg timestamp="20210131 10:48:36.611" level="INFO">${SignInUrl} = https://www.cars.com//profile/secure/login</msg>
<status status="PASS" starttime="20210131 10:48:36.610" endtime="20210131 10:48:36.611"></status>
</kw>
<kw name="Go To" library="SeleniumLibrary">
<doc>Navigates the current browser window to the provided ``url``.</doc>
<arguments>
<arg>${SignInUrl}</arg>
</arguments>
<msg timestamp="20210131 10:48:36.611" level="INFO">Opening url 'https://www.cars.com//profile/secure/login'</msg>
<status status="PASS" starttime="20210131 10:48:36.611" endtime="20210131 10:48:38.610"></status>
</kw>
<status status="PASS" starttime="20210131 10:48:36.610" endtime="20210131 10:48:38.610"></status>
</kw>
<status status="PASS" starttime="20210131 10:48:36.610" endtime="20210131 10:48:38.610"></status>
</kw>
<kw name="Run Keyword And Continue On Failure" library="BuiltIn">
<doc>Runs the keyword and continues execution even if a failure occurs.</doc>
<arguments>
<arg>Attempt Login</arg>
<arg>${elements}</arg>
</arguments>
<kw name="Attempt Login" library="CarsApp">
<arguments>
<arg>${elements}</arg>
</arguments>
<kw name="Enter Credentials" library="SignIn">
<arguments>
<arg>${Credentials}</arg>
</arguments>
<kw name="Run Keyword Unless" library="BuiltIn">
<doc>Runs the given keyword with the given arguments if ``condition`` is false.</doc>
<arguments>
<arg>'${Credentials[0]}' == '#BLANK'</arg>
<arg>Input Text</arg>
<arg>${SIGN_IN_EMAIL}</arg>
<arg>${Credentials[0]}</arg>
</arguments>
<kw name="Input Text" library="SeleniumLibrary">
<doc>Types the given ``text`` into the text field identified by ``locator``.</doc>
<arguments>
<arg>${SIGN_IN_EMAIL}</arg>
<arg>${Credentials[0]}</arg>
</arguments>
<msg timestamp="20210131 10:48:38.614" level="INFO">Typing text 'fakeemail@fake.com' into text field 'xpath=//input[@type="text"]'.</msg>
<status status="PASS" starttime="20210131 10:48:38.613" endtime="20210131 10:48:39.785"></status>
</kw>
<status status="PASS" starttime="20210131 10:48:38.612" endtime="20210131 10:48:39.785"></status>
</kw>
<kw name="Run Keyword Unless" library="BuiltIn">
<doc>Runs the given keyword with the given arguments if ``condition`` is false.</doc>
<arguments>
<arg>'${Credentials[1]}'== '#BLANK'</arg>
<arg>Input Text</arg>
<arg>${SIGN_IN_PASSWORD}</arg>
<arg>${Credentials[1]}</arg>
</arguments>
<kw name="Input Text" library="SeleniumLibrary">
<doc>Types the given ``text`` into the text field identified by ``locator``.</doc>
<arguments>
<arg>${SIGN_IN_PASSWORD}</arg>
<arg>${Credentials[1]}</arg>
</arguments>
<msg timestamp="20210131 10:48:39.787" level="INFO">Typing text 'TestPassword!' into text field 'xpath=//input[@type="password"]'.</msg>
<status status="PASS" starttime="20210131 10:48:39.786" endtime="20210131 10:48:39.921"></status>
</kw>
<status status="PASS" starttime="20210131 10:48:39.785" endtime="20210131 10:48:39.921"></status>
</kw>
<status status="PASS" starttime="20210131 10:48:38.612" endtime="20210131 10:48:39.922"></status>
</kw>
<kw name="Click Submit" library="SignIn">
<kw name="Click Button" library="SeleniumLibrary">
<doc>Clicks the button identified by ``locator``.</doc>
<arguments>
<arg>${LOGIN_SUBMIT_BUTTON}</arg>
</arguments>
<msg timestamp="20210131 10:48:39.923" level="INFO">Clicking button 'xpath=//button[@type="submit"]'.</msg>
<status status="PASS" starttime="20210131 10:48:39.923" endtime="20210131 10:48:40.107"></status>
</kw>
<status status="PASS" starttime="20210131 10:48:39.922" endtime="20210131 10:48:40.107"></status>
</kw>
<kw name="Sleep" library="BuiltIn">
<doc>Pauses the test executed for the given time.</doc>
<arguments>
<arg>1s</arg>
</arguments>
<msg timestamp="20210131 10:48:41.118" level="INFO">Slept 1 second</msg>
<status status="PASS" starttime="20210131 10:48:40.107" endtime="20210131 10:48:41.118"></status>
</kw>
<status status="PASS" starttime="20210131 10:48:38.611" endtime="20210131 10:48:41.118"></status>
</kw>
<status status="PASS" starttime="20210131 10:48:38.611" endtime="20210131 10:48:41.118"></status>
</kw>
<kw name="Run Keyword And Continue On Failure" library="BuiltIn">
<doc>Runs the keyword and continues execution even if a failure occurs.</doc>
<arguments>
<arg>Verify Login Page Error Message</arg>
<arg>${elements}</arg>
</arguments>
<kw name="Verify Login Page Error Message" library="CarsApp">
<arguments>
<arg>${elements}</arg>
</arguments>
<kw name="Verify Error Message" library="SignIn">
<arguments>
<arg>${ExpectedErrorMessage}</arg>
</arguments>
<kw name="Page Should Contain" library="SeleniumLibrary">
<doc>Verifies that current page contains ``text``.</doc>
<arguments>
<arg>${ExpectedErrorMessage[2]}</arg>
</arguments>
<msg timestamp="20210131 10:48:41.145" level="INFO">Current page contains text 'we're having trouble logging you in right now. Please try again.'.</msg>
<status status="PASS" starttime="20210131 10:48:41.120" endtime="20210131 10:48:41.145"></status>
</kw>
<status status="PASS" starttime="20210131 10:48:41.120" endtime="20210131 10:48:41.145"></status>
</kw>
<status status="PASS" starttime="20210131 10:48:41.119" endtime="20210131 10:48:41.145"></status>
</kw>
<status status="PASS" starttime="20210131 10:48:41.118" endtime="20210131 10:48:41.145"></status>
</kw>
<status status="PASS" starttime="20210131 10:48:31.243" endtime="20210131 10:48:41.145"></status>
</kw>
<kw name="${elements} = ['#BLANK', '#BLANK', 'Please enter your email address and password.']" type="foritem">
<kw name="Run Keyword And Continue On Failure" library="BuiltIn">
<doc>Runs the keyword and continues execution even if a failure occurs.</doc>
<arguments>
<arg>Begin Web Test</arg>
</arguments>
<kw name="Begin Web Test" library="Common">
<kw name="Open Browser" library="SeleniumLibrary">
<doc>Opens a new browser instance to the optional ``url``.</doc>
<arguments>
<arg>about:blank</arg>
<arg>${BROWSER}</arg>
</arguments>
<msg timestamp="20210131 10:48:41.147" level="INFO">Opening browser 'chrome' to base url 'about:blank'.</msg>
<status status="PASS" starttime="20210131 10:48:41.147" endtime="20210131 10:48:44.453"></status>
</kw>
<kw name="Maximize Browser Window" library="SeleniumLibrary">
<doc>Maximizes current browser window.</doc>
<status status="PASS" starttime="20210131 10:48:44.453" endtime="20210131 10:48:46.628"></status>
</kw>
<status status="PASS" starttime="20210131 10:48:41.146" endtime="20210131 10:48:46.629"></status>
</kw>
<status status="PASS" starttime="20210131 10:48:41.146" endtime="20210131 10:48:46.629"></status>
</kw>
<kw name="Run Keyword And Continue On Failure" library="BuiltIn">
<doc>Runs the keyword and continues execution even if a failure occurs.</doc>
<arguments>
<arg>SignIn.Navigate To</arg>
</arguments>
<kw name="Navigate To" library="SignIn">
<kw name="Catenate" library="BuiltIn">
<doc>Catenates the given items together and returns the resulted string.</doc>
<arguments>
<arg>SEPARATOR=/</arg>
<arg>${BASE_URL.${ENVIRONMENT}}</arg>
<arg>${LOGIN_URL}</arg>
</arguments>
<assign>
<var>${SignInUrl}</var>
</assign>
<msg timestamp="20210131 10:48:46.630" level="INFO">${SignInUrl} = https://www.cars.com//profile/secure/login</msg>
<status status="PASS" starttime="20210131 10:48:46.629" endtime="20210131 10:48:46.630"></status>
</kw>
<kw name="Go To" library="SeleniumLibrary">
<doc>Navigates the current browser window to the provided ``url``.</doc>
<arguments>
<arg>${SignInUrl}</arg>
</arguments>
<msg timestamp="20210131 10:48:46.630" level="INFO">Opening url 'https://www.cars.com//profile/secure/login'</msg>
<status status="PASS" starttime="20210131 10:48:46.630" endtime="20210131 10:48:48.847"></status>
</kw>
<status status="PASS" starttime="20210131 10:48:46.629" endtime="20210131 10:48:48.848"></status>
</kw>
<status status="PASS" starttime="20210131 10:48:46.629" endtime="20210131 10:48:48.848"></status>
</kw>
<kw name="Run Keyword And Continue On Failure" library="BuiltIn">
<doc>Runs the keyword and continues execution even if a failure occurs.</doc>
<arguments>
<arg>Attempt Login</arg>
<arg>${elements}</arg>
</arguments>
<kw name="Attempt Login" library="CarsApp">
<arguments>
<arg>${elements}</arg>
</arguments>
<kw name="Enter Credentials" library="SignIn">
<arguments>
<arg>${Credentials}</arg>
</arguments>
<kw name="Run Keyword Unless" library="BuiltIn">
<doc>Runs the given keyword with the given arguments if ``condition`` is false.</doc>
<arguments>
<arg>'${Credentials[0]}' == '#BLANK'</arg>
<arg>Input Text</arg>
<arg>${SIGN_IN_EMAIL}</arg>
<arg>${Credentials[0]}</arg>
</arguments>
<status status="PASS" starttime="20210131 10:48:48.850" endtime="20210131 10:48:48.850"></status>
</kw>
<kw name="Run Keyword Unless" library="BuiltIn">
<doc>Runs the given keyword with the given arguments if ``condition`` is false.</doc>
<arguments>
<arg>'${Credentials[1]}'== '#BLANK'</arg>
<arg>Input Text</arg>
<arg>${SIGN_IN_PASSWORD}</arg>
<arg>${Credentials[1]}</arg>
</arguments>
<status status="PASS" starttime="20210131 10:48:48.851" endtime="20210131 10:48:48.851"></status>
</kw>
<status status="PASS" starttime="20210131 10:48:48.849" endtime="20210131 10:48:48.851"></status>
</kw>
<kw name="Click Submit" library="SignIn">
<kw name="Click Button" library="SeleniumLibrary">
<doc>Clicks the button identified by ``locator``.</doc>
<arguments>
<arg>${LOGIN_SUBMIT_BUTTON}</arg>
</arguments>
<msg timestamp="20210131 10:48:48.852" level="INFO">Clicking button 'xpath=//button[@type="submit"]'.</msg>
<status status="PASS" starttime="20210131 10:48:48.852" endtime="20210131 10:48:49.814"></status>
</kw>
<status status="PASS" starttime="20210131 10:48:48.851" endtime="20210131 10:48:49.814"></status>
</kw>
<kw name="Sleep" library="BuiltIn">
<doc>Pauses the test executed for the given time.</doc>
<arguments>
<arg>1s</arg>
</arguments>
<msg timestamp="20210131 10:48:50.825" level="INFO">Slept 1 second</msg>
<status status="PASS" starttime="20210131 10:48:49.814" endtime="20210131 10:48:50.825"></status>
</kw>
<status status="PASS" starttime="20210131 10:48:48.848" endtime="20210131 10:48:50.825"></status>
</kw>
<status status="PASS" starttime="20210131 10:48:48.848" endtime="20210131 10:48:50.825"></status>
</kw>
<kw name="Run Keyword And Continue On Failure" library="BuiltIn">
<doc>Runs the keyword and continues execution even if a failure occurs.</doc>
<arguments>
<arg>Verify Login Page Error Message</arg>
<arg>${elements}</arg>
</arguments>
<kw name="Verify Login Page Error Message" library="CarsApp">
<arguments>
<arg>${elements}</arg>
</arguments>
<kw name="Verify Error Message" library="SignIn">
<arguments>
<arg>${ExpectedErrorMessage}</arg>
</arguments>
<kw name="Page Should Contain" library="SeleniumLibrary">
<doc>Verifies that current page contains ``text``.</doc>
<arguments>
<arg>${ExpectedErrorMessage[2]}</arg>
</arguments>
<msg timestamp="20210131 10:48:50.840" level="INFO">Current page contains text 'Please enter your email address and password.'.</msg>
<status status="PASS" starttime="20210131 10:48:50.825" endtime="20210131 10:48:50.840"></status>
</kw>
<status status="PASS" starttime="20210131 10:48:50.825" endtime="20210131 10:48:50.840"></status>
</kw>
<status status="PASS" starttime="20210131 10:48:50.825" endtime="20210131 10:48:50.840"></status>
</kw>
<status status="PASS" starttime="20210131 10:48:50.825" endtime="20210131 10:48:50.840"></status>
</kw>
<status status="PASS" starttime="20210131 10:48:41.145" endtime="20210131 10:48:50.840"></status>
</kw>
<status status="PASS" starttime="20210131 10:48:21.104" endtime="20210131 10:48:50.840"></status>
</kw>
<status status="PASS" starttime="20210131 10:48:21.104" endtime="20210131 10:48:50.840"></status>
</kw>
<kw name="End Web Test" library="Common" type="teardown">
<kw name="Close All Browsers" library="SeleniumLibrary">
<doc>Closes all open browsers and resets the browser cache.</doc>
<status status="PASS" starttime="20210131 10:48:50.850" endtime="20210131 10:48:59.466"></status>
</kw>
<status status="PASS" starttime="20210131 10:48:50.850" endtime="20210131 10:48:59.466"></status>
</kw>
<status status="PASS" starttime="20210131 10:48:15.466" endtime="20210131 10:48:59.467" critical="yes"></status>
</test>
<doc>Demonstrate a need for data-driven testing</doc>
<status status="PASS" starttime="20210131 10:48:15.185" endtime="20210131 10:48:59.468"></status>
</suite>
<statistics>
<total>
<stat pass="1" fail="0">Critical Tests</stat>
<stat pass="1" fail="0">All Tests</stat>
</total>
<tag>
</tag>
<suite>
<stat pass="1" fail="0" id="s1" name="Cars">Cars</stat>
</suite>
</statistics>
<errors>
</errors>
</robot>
